[21-Jan-2022 03:17:16 UTC] PHP Fatal error:  Taxonomy query var &quot;type&quot; is not allowed in /Users/etbassler/Local Sites/neighborhoodist/app/public/wp-content/themes/neighborhoodist/vendor/johnbillion/extended-cpts/src/class-extended-taxonomy.php on line 260
[21-Jan-2022 03:17:16 UTC] PHP Stack trace:
[21-Jan-2022 03:17:16 UTC] PHP   1. {main}() /Users/etbassler/Local Sites/neighborhoodist/app/public/wp-admin/admin-ajax.php:0
[21-Jan-2022 03:17:16 UTC] PHP   2. require_once() /Users/etbassler/Local Sites/neighborhoodist/app/public/wp-admin/admin-ajax.php:22
[21-Jan-2022 03:17:16 UTC] PHP   3. require_once() /Users/etbassler/Local Sites/neighborhoodist/app/public/wp-load.php:50
[21-Jan-2022 03:17:16 UTC] PHP   4. require_once() /Users/etbassler/Local Sites/neighborhoodist/app/public/wp-config.php:77
[21-Jan-2022 03:17:16 UTC] PHP   5. do_action() /Users/etbassler/Local Sites/neighborhoodist/app/public/wp-settings.php:578
[21-Jan-2022 03:17:16 UTC] PHP   6. WP_Hook->do_action() /Users/etbassler/Local Sites/neighborhoodist/app/public/wp-includes/plugin.php:470
[21-Jan-2022 03:17:16 UTC] PHP   7. WP_Hook->apply_filters() /Users/etbassler/Local Sites/neighborhoodist/app/public/wp-includes/class-wp-hook.php:327
[21-Jan-2022 03:17:16 UTC] PHP   8. App\{closure:/Users/etbassler/Local Sites/neighborhoodist/app/public/wp-content/themes/neighborhoodist/app/cpt.php:9-11}() /Users/etbassler/Local Sites/neighborhoodist/app/public/wp-includes/class-wp-hook.php:303
[21-Jan-2022 03:17:16 UTC] PHP   9. register_extended_taxonomy() /Users/etbassler/Local Sites/neighborhoodist/app/public/wp-content/themes/neighborhoodist/app/cpt.php:10
[21-Jan-2022 03:17:16 UTC] PHP  10. Extended_Taxonomy->__construct() /Users/etbassler/Local Sites/neighborhoodist/app/public/wp-content/themes/neighborhoodist/vendor/johnbillion/extended-cpts/functions.php:110
[21-Jan-2022 03:17:16 UTC] PHP  11. Extended_Taxonomy->register_taxonomy() /Users/etbassler/Local Sites/neighborhoodist/app/public/wp-content/themes/neighborhoodist/vendor/johnbillion/extended-cpts/src/class-extended-taxonomy.php:206
[21-Jan-2022 03:17:16 UTC] PHP  12. trigger_error() /Users/etbassler/Local Sites/neighborhoodist/app/public/wp-content/themes/neighborhoodist/vendor/johnbillion/extended-cpts/src/class-extended-taxonomy.php:260
[21-Jan-2022 03:19:19 UTC] PHP Fatal error:  Taxonomy query var &quot;type&quot; is not allowed in /Users/etbassler/Local Sites/neighborhoodist/app/public/wp-content/themes/neighborhoodist/vendor/johnbillion/extended-cpts/src/class-extended-taxonomy.php on line 260
[21-Jan-2022 03:19:19 UTC] PHP Stack trace:
[21-Jan-2022 03:19:19 UTC] PHP   1. {main}() /Users/etbassler/Local Sites/neighborhoodist/app/public/wp-admin/admin-ajax.php:0
[21-Jan-2022 03:19:19 UTC] PHP   2. require_once() /Users/etbassler/Local Sites/neighborhoodist/app/public/wp-admin/admin-ajax.php:22
[21-Jan-2022 03:19:19 UTC] PHP   3. require_once() /Users/etbassler/Local Sites/neighborhoodist/app/public/wp-load.php:50
[21-Jan-2022 03:19:19 UTC] PHP   4. require_once() /Users/etbassler/Local Sites/neighborhoodist/app/public/wp-config.php:77
[21-Jan-2022 03:19:19 UTC] PHP   5. do_action() /Users/etbassler/Local Sites/neighborhoodist/app/public/wp-settings.php:578
[21-Jan-2022 03:19:19 UTC] PHP   6. WP_Hook->do_action() /Users/etbassler/Local Sites/neighborhoodist/app/public/wp-includes/plugin.php:470
[21-Jan-2022 03:19:19 UTC] PHP   7. WP_Hook->apply_filters() /Users/etbassler/Local Sites/neighborhoodist/app/public/wp-includes/class-wp-hook.php:327
[21-Jan-2022 03:19:19 UTC] PHP   8. App\{closure:/Users/etbassler/Local Sites/neighborhoodist/app/public/wp-content/themes/neighborhoodist/app/cpt.php:9-11}() /Users/etbassler/Local Sites/neighborhoodist/app/public/wp-includes/class-wp-hook.php:303
[21-Jan-2022 03:19:19 UTC] PHP   9. register_extended_taxonomy() /Users/etbassler/Local Sites/neighborhoodist/app/public/wp-content/themes/neighborhoodist/app/cpt.php:10
[21-Jan-2022 03:19:19 UTC] PHP  10. Extended_Taxonomy->__construct() /Users/etbassler/Local Sites/neighborhoodist/app/public/wp-content/themes/neighborhoodist/vendor/johnbillion/extended-cpts/functions.php:110
[21-Jan-2022 03:19:19 UTC] PHP  11. Extended_Taxonomy->register_taxonomy() /Users/etbassler/Local Sites/neighborhoodist/app/public/wp-content/themes/neighborhoodist/vendor/johnbillion/extended-cpts/src/class-extended-taxonomy.php:206
[21-Jan-2022 03:19:19 UTC] PHP  12. trigger_error() /Users/etbassler/Local Sites/neighborhoodist/app/public/wp-content/themes/neighborhoodist/vendor/johnbillion/extended-cpts/src/class-extended-taxonomy.php:260
[21-Jan-2022 03:20:20 UTC] PHP Fatal error:  Taxonomy query var &quot;type&quot; is not allowed in /Users/etbassler/Local Sites/neighborhoodist/app/public/wp-content/themes/neighborhoodist/vendor/johnbillion/extended-cpts/src/class-extended-taxonomy.php on line 260
[21-Jan-2022 03:20:20 UTC] PHP Stack trace:
[21-Jan-2022 03:20:20 UTC] PHP   1. {main}() /Users/etbassler/Local Sites/neighborhoodist/app/public/wp-admin/admin-ajax.php:0
[21-Jan-2022 03:20:20 UTC] PHP   2. require_once() /Users/etbassler/Local Sites/neighborhoodist/app/public/wp-admin/admin-ajax.php:22
[21-Jan-2022 03:20:20 UTC] PHP   3. require_once() /Users/etbassler/Local Sites/neighborhoodist/app/public/wp-load.php:50
[21-Jan-2022 03:20:20 UTC] PHP   4. require_once() /Users/etbassler/Local Sites/neighborhoodist/app/public/wp-config.php:77
[21-Jan-2022 03:20:20 UTC] PHP   5. do_action() /Users/etbassler/Local Sites/neighborhoodist/app/public/wp-settings.php:578
[21-Jan-2022 03:20:20 UTC] PHP   6. WP_Hook->do_action() /Users/etbassler/Local Sites/neighborhoodist/app/public/wp-includes/plugin.php:470
[21-Jan-2022 03:20:20 UTC] PHP   7. WP_Hook->apply_filters() /Users/etbassler/Local Sites/neighborhoodist/app/public/wp-includes/class-wp-hook.php:327
[21-Jan-2022 03:20:20 UTC] PHP   8. App\{closure:/Users/etbassler/Local Sites/neighborhoodist/app/public/wp-content/themes/neighborhoodist/app/cpt.php:19-21}() /Users/etbassler/Local Sites/neighborhoodist/app/public/wp-includes/class-wp-hook.php:303
[21-Jan-2022 03:20:20 UTC] PHP   9. register_extended_taxonomy() /Users/etbassler/Local Sites/neighborhoodist/app/public/wp-content/themes/neighborhoodist/app/cpt.php:20
[21-Jan-2022 03:20:20 UTC] PHP  10. Extended_Taxonomy->__construct() /Users/etbassler/Local Sites/neighborhoodist/app/public/wp-content/themes/neighborhoodist/vendor/johnbillion/extended-cpts/functions.php:110
[21-Jan-2022 03:20:20 UTC] PHP  11. Extended_Taxonomy->register_taxonomy() /Users/etbassler/Local Sites/neighborhoodist/app/public/wp-content/themes/neighborhoodist/vendor/johnbillion/extended-cpts/src/class-extended-taxonomy.php:206
[21-Jan-2022 03:20:20 UTC] PHP  12. trigger_error() /Users/etbassler/Local Sites/neighborhoodist/app/public/wp-content/themes/neighborhoodist/vendor/johnbillion/extended-cpts/src/class-extended-taxonomy.php:260
[21-Jan-2022 03:20:21 UTC] PHP Fatal error:  Taxonomy query var &quot;type&quot; is not allowed in /Users/etbassler/Local Sites/neighborhoodist/app/public/wp-content/themes/neighborhoodist/vendor/johnbillion/extended-cpts/src/class-extended-taxonomy.php on line 260
[21-Jan-2022 03:20:21 UTC] PHP Stack trace:
[21-Jan-2022 03:20:21 UTC] PHP   1. {main}() /Users/etbassler/Local Sites/neighborhoodist/app/public/wp-admin/themes.php:0
[21-Jan-2022 03:20:21 UTC] PHP   2. require_once() /Users/etbassler/Local Sites/neighborhoodist/app/public/wp-admin/themes.php:10
[21-Jan-2022 03:20:21 UTC] PHP   3. require_once() /Users/etbassler/Local Sites/neighborhoodist/app/public/wp-admin/admin.php:34
[21-Jan-2022 03:20:21 UTC] PHP   4. require_once() /Users/etbassler/Local Sites/neighborhoodist/app/public/wp-load.php:50
[21-Jan-2022 03:20:21 UTC] PHP   5. require_once() /Users/etbassler/Local Sites/neighborhoodist/app/public/wp-config.php:77
[21-Jan-2022 03:20:21 UTC] PHP   6. do_action() /Users/etbassler/Local Sites/neighborhoodist/app/public/wp-settings.php:578
[21-Jan-2022 03:20:21 UTC] PHP   7. WP_Hook->do_action() /Users/etbassler/Local Sites/neighborhoodist/app/public/wp-includes/plugin.php:470
[21-Jan-2022 03:20:21 UTC] PHP   8. WP_Hook->apply_filters() /Users/etbassler/Local Sites/neighborhoodist/app/public/wp-includes/class-wp-hook.php:327
[21-Jan-2022 03:20:21 UTC] PHP   9. App\{closure:/Users/etbassler/Local Sites/neighborhoodist/app/public/wp-content/themes/neighborhoodist/app/cpt.php:19-21}() /Users/etbassler/Local Sites/neighborhoodist/app/public/wp-includes/class-wp-hook.php:303
[21-Jan-2022 03:20:21 UTC] PHP  10. register_extended_taxonomy() /Users/etbassler/Local Sites/neighborhoodist/app/public/wp-content/themes/neighborhoodist/app/cpt.php:20
[21-Jan-2022 03:20:21 UTC] PHP  11. Extended_Taxonomy->__construct() /Users/etbassler/Local Sites/neighborhoodist/app/public/wp-content/themes/neighborhoodist/vendor/johnbillion/extended-cpts/functions.php:110
[21-Jan-2022 03:20:21 UTC] PHP  12. Extended_Taxonomy->register_taxonomy() /Users/etbassler/Local Sites/neighborhoodist/app/public/wp-content/themes/neighborhoodist/vendor/johnbillion/extended-cpts/src/class-extended-taxonomy.php:206
[21-Jan-2022 03:20:21 UTC] PHP  13. trigger_error() /Users/etbassler/Local Sites/neighborhoodist/app/public/wp-content/themes/neighborhoodist/vendor/johnbillion/extended-cpts/src/class-extended-taxonomy.php:260
[21-Jan-2022 03:20:22 UTC] PHP Fatal error:  Taxonomy query var &quot;type&quot; is not allowed in /Users/etbassler/Local Sites/neighborhoodist/app/public/wp-content/themes/neighborhoodist/vendor/johnbillion/extended-cpts/src/class-extended-taxonomy.php on line 260
[21-Jan-2022 03:20:22 UTC] PHP Stack trace:
[21-Jan-2022 03:20:22 UTC] PHP   1. {main}() /Users/etbassler/Local Sites/neighborhoodist/app/public/index.php:0
[21-Jan-2022 03:20:22 UTC] PHP   2. require() /Users/etbassler/Local Sites/neighborhoodist/app/public/index.php:17
[21-Jan-2022 03:20:22 UTC] PHP   3. require_once() /Users/etbassler/Local Sites/neighborhoodist/app/public/wp-blog-header.php:13
[21-Jan-2022 03:20:22 UTC] PHP   4. require_once() /Users/etbassler/Local Sites/neighborhoodist/app/public/wp-load.php:50
[21-Jan-2022 03:20:22 UTC] PHP   5. require_once() /Users/etbassler/Local Sites/neighborhoodist/app/public/wp-config.php:77
[21-Jan-2022 03:20:22 UTC] PHP   6. do_action() /Users/etbassler/Local Sites/neighborhoodist/app/public/wp-settings.php:578
[21-Jan-2022 03:20:22 UTC] PHP   7. WP_Hook->do_action() /Users/etbassler/Local Sites/neighborhoodist/app/public/wp-includes/plugin.php:470
[21-Jan-2022 03:20:22 UTC] PHP   8. WP_Hook->apply_filters() /Users/etbassler/Local Sites/neighborhoodist/app/public/wp-includes/class-wp-hook.php:327
[21-Jan-2022 03:20:22 UTC] PHP   9. App\{closure:/Users/etbassler/Local Sites/neighborhoodist/app/public/wp-content/themes/neighborhoodist/app/cpt.php:19-21}() /Users/etbassler/Local Sites/neighborhoodist/app/public/wp-includes/class-wp-hook.php:303
[21-Jan-2022 03:20:22 UTC] PHP  10. register_extended_taxonomy() /Users/etbassler/Local Sites/neighborhoodist/app/public/wp-content/themes/neighborhoodist/app/cpt.php:20
[21-Jan-2022 03:20:22 UTC] PHP  11. Extended_Taxonomy->__construct() /Users/etbassler/Local Sites/neighborhoodist/app/public/wp-content/themes/neighborhoodist/vendor/johnbillion/extended-cpts/functions.php:110
[21-Jan-2022 03:20:22 UTC] PHP  12. Extended_Taxonomy->register_taxonomy() /Users/etbassler/Local Sites/neighborhoodist/app/public/wp-content/themes/neighborhoodist/vendor/johnbillion/extended-cpts/src/class-extended-taxonomy.php:206
[21-Jan-2022 03:20:22 UTC] PHP  13. trigger_error() /Users/etbassler/Local Sites/neighborhoodist/app/public/wp-content/themes/neighborhoodist/vendor/johnbillion/extended-cpts/src/class-extended-taxonomy.php:260
[23-Jan-2022 05:48:58 UTC] PHP Warning:  Invalid argument supplied for foreach() in /Users/etbassler/Local Sites/neighborhoodist/app/public/wp-content/uploads/cache/86199a786182d88b85585603fc479acb823f0212.php on line 4
[23-Jan-2022 05:48:58 UTC] PHP Stack trace:
[23-Jan-2022 05:48:58 UTC] PHP   1. {main}() /Users/etbassler/Local Sites/neighborhoodist/app/public/index.php:0
[23-Jan-2022 05:48:58 UTC] PHP   2. require() /Users/etbassler/Local Sites/neighborhoodist/app/public/index.php:17
[23-Jan-2022 05:48:58 UTC] PHP   3. require_once() /Users/etbassler/Local Sites/neighborhoodist/app/public/wp-blog-header.php:19
[23-Jan-2022 05:48:58 UTC] PHP   4. apply_filters() /Users/etbassler/Local Sites/neighborhoodist/app/public/wp-includes/template-loader.php:104
[23-Jan-2022 05:48:58 UTC] PHP   5. WP_Hook->apply_filters() /Users/etbassler/Local Sites/neighborhoodist/app/public/wp-includes/plugin.php:189
[23-Jan-2022 05:48:58 UTC] PHP   6. App\{closure:/Users/etbassler/Local Sites/neighborhoodist/app/public/wp-content/themes/neighborhoodist/app/filters.php:49-67}() /Users/etbassler/Local Sites/neighborhoodist/app/public/wp-includes/class-wp-hook.php:303
[23-Jan-2022 05:48:58 UTC] PHP   7. App\template() /Users/etbassler/Local Sites/neighborhoodist/app/public/wp-content/themes/neighborhoodist/app/filters.php:63
[23-Jan-2022 05:48:58 UTC] PHP   8. Roots\Sage\Template\Blade->render() /Users/etbassler/Local Sites/neighborhoodist/app/public/wp-content/themes/neighborhoodist/app/helpers.php:55
[23-Jan-2022 05:48:58 UTC] PHP   9. Illuminate\View\View->render() /Users/etbassler/Local Sites/neighborhoodist/app/public/wp-content/themes/neighborhoodist/vendor/roots/sage-lib/Template/Blade.php:58
[23-Jan-2022 05:48:58 UTC] PHP  10. Illuminate\View\View->renderContents() /Users/etbassler/Local Sites/neighborhoodist/app/public/wp-content/themes/neighborhoodist/vendor/illuminate/view/View.php:90
[23-Jan-2022 05:48:58 UTC] PHP  11. Illuminate\View\View->getContents() /Users/etbassler/Local Sites/neighborhoodist/app/public/wp-content/themes/neighborhoodist/vendor/illuminate/view/View.php:125
[23-Jan-2022 05:48:58 UTC] PHP  12. Illuminate\View\Engines\CompilerEngine->get() /Users/etbassler/Local Sites/neighborhoodist/app/public/wp-content/themes/neighborhoodist/vendor/illuminate/view/View.php:142
[23-Jan-2022 05:48:58 UTC] PHP  13. Illuminate\View\Engines\CompilerEngine->evaluatePath() /Users/etbassler/Local Sites/neighborhoodist/app/public/wp-content/themes/neighborhoodist/vendor/illuminate/view/Engines/CompilerEngine.php:59
[23-Jan-2022 05:48:58 UTC] PHP  14. include() /Users/etbassler/Local Sites/neighborhoodist/app/public/wp-content/themes/neighborhoodist/vendor/illuminate/view/Engines/PhpEngine.php:43
[23-Jan-2022 05:48:58 UTC] PHP  15. Illuminate\View\View->render() /Users/etbassler/Local Sites/neighborhoodist/app/public/wp-content/uploads/cache/477d47050023cf1ffb0251a0faf77975c0ded0c8.php:4
[23-Jan-2022 05:48:58 UTC] PHP  16. Illuminate\View\View->renderContents() /Users/etbassler/Local Sites/neighborhoodist/app/public/wp-content/themes/neighborhoodist/vendor/illuminate/view/View.php:90
[23-Jan-2022 05:48:58 UTC] PHP  17. Illuminate\View\View->getContents() /Users/etbassler/Local Sites/neighborhoodist/app/public/wp-content/themes/neighborhoodist/vendor/illuminate/view/View.php:125
[23-Jan-2022 05:48:58 UTC] PHP  18. Illuminate\View\Engines\CompilerEngine->get() /Users/etbassler/Local Sites/neighborhoodist/app/public/wp-content/themes/neighborhoodist/vendor/illuminate/view/View.php:142
[23-Jan-2022 05:48:58 UTC] PHP  19. Illuminate\View\Engines\CompilerEngine->evaluatePath() /Users/etbassler/Local Sites/neighborhoodist/app/public/wp-content/themes/neighborhoodist/vendor/illuminate/view/Engines/CompilerEngine.php:59
[23-Jan-2022 05:48:58 UTC] PHP  20. include() /Users/etbassler/Local Sites/neighborhoodist/app/public/wp-content/themes/neighborhoodist/vendor/illuminate/view/Engines/PhpEngine.php:43
[23-Jan-2022 05:48:58 UTC] PHP Fatal error:  Uncaught Symfony\Component\Debug\Exception\FatalThrowableError: Call to a member function have_posts() on null in /Users/etbassler/Local Sites/neighborhoodist/app/public/wp-content/uploads/cache/5ffa53555473533b72faadad3928c739820f4293.php:5
Stack trace:
#0 /Users/etbassler/Local Sites/neighborhoodist/app/public/wp-content/themes/neighborhoodist/vendor/illuminate/view/Engines/PhpEngine.php(43): include()
#1 /Users/etbassler/Local Sites/neighborhoodist/app/public/wp-content/themes/neighborhoodist/vendor/illuminate/view/Engines/CompilerEngine.php(59): Illuminate\View\Engines\PhpEngine->evaluatePath('/Users/etbassle...', Array)
#2 /Users/etbassler/Local Sites/neighborhoodist/app/public/wp-content/themes/neighborhoodist/vendor/illuminate/view/View.php(142): Illuminate\View\Engines\CompilerEngine->get('/Users/etbassle...', Array)
#3 /Users/etbassler/Local Sites/neighborhoodist/app/public/wp-content/themes/neighborhoodist/vendor/illuminate/view/View.php(125): Illuminate\View\View->getContents()
#4 /Users/etbassler/ in /Users/etbassler/Local Sites/neighborhoodist/app/public/wp-content/uploads/cache/5ffa53555473533b72faadad3928c739820f4293.php on line 5
[23-Jan-2022 07:26:29 UTC] PHP Warning:  htmlspecialchars() expects parameter 1 to be string, array given in /Users/etbassler/Local Sites/neighborhoodist/app/public/wp-content/themes/neighborhoodist/vendor/illuminate/support/helpers.php on line 578
[23-Jan-2022 07:26:29 UTC] PHP Stack trace:
[23-Jan-2022 07:26:29 UTC] PHP   1. {main}() /Users/etbassler/Local Sites/neighborhoodist/app/public/index.php:0
[23-Jan-2022 07:26:29 UTC] PHP   2. require() /Users/etbassler/Local Sites/neighborhoodist/app/public/index.php:17
[23-Jan-2022 07:26:29 UTC] PHP   3. require_once() /Users/etbassler/Local Sites/neighborhoodist/app/public/wp-blog-header.php:19
[23-Jan-2022 07:26:29 UTC] PHP   4. apply_filters() /Users/etbassler/Local Sites/neighborhoodist/app/public/wp-includes/template-loader.php:104
[23-Jan-2022 07:26:29 UTC] PHP   5. WP_Hook->apply_filters() /Users/etbassler/Local Sites/neighborhoodist/app/public/wp-includes/plugin.php:189
[23-Jan-2022 07:26:29 UTC] PHP   6. App\{closure:/Users/etbassler/Local Sites/neighborhoodist/app/public/wp-content/themes/neighborhoodist/app/filters.php:49-67}() /Users/etbassler/Local Sites/neighborhoodist/app/public/wp-includes/class-wp-hook.php:303
[23-Jan-2022 07:26:29 UTC] PHP   7. App\template() /Users/etbassler/Local Sites/neighborhoodist/app/public/wp-content/themes/neighborhoodist/app/filters.php:63
[23-Jan-2022 07:26:29 UTC] PHP   8. Roots\Sage\Template\Blade->render() /Users/etbassler/Local Sites/neighborhoodist/app/public/wp-content/themes/neighborhoodist/app/helpers.php:55
[23-Jan-2022 07:26:29 UTC] PHP   9. Illuminate\View\View->render() /Users/etbassler/Local Sites/neighborhoodist/app/public/wp-content/themes/neighborhoodist/vendor/roots/sage-lib/Template/Blade.php:58
[23-Jan-2022 07:26:29 UTC] PHP  10. Illuminate\View\View->renderContents() /Users/etbassler/Local Sites/neighborhoodist/app/public/wp-content/themes/neighborhoodist/vendor/illuminate/view/View.php:90
[23-Jan-2022 07:26:29 UTC] PHP  11. Illuminate\View\View->getContents() /Users/etbassler/Local Sites/neighborhoodist/app/public/wp-content/themes/neighborhoodist/vendor/illuminate/view/View.php:125
[23-Jan-2022 07:26:29 UTC] PHP  12. Illuminate\View\Engines\CompilerEngine->get() /Users/etbassler/Local Sites/neighborhoodist/app/public/wp-content/themes/neighborhoodist/vendor/illuminate/view/View.php:142
[23-Jan-2022 07:26:29 UTC] PHP  13. Illuminate\View\Engines\CompilerEngine->evaluatePath() /Users/etbassler/Local Sites/neighborhoodist/app/public/wp-content/themes/neighborhoodist/vendor/illuminate/view/Engines/CompilerEngine.php:59
[23-Jan-2022 07:26:29 UTC] PHP  14. include() /Users/etbassler/Local Sites/neighborhoodist/app/public/wp-content/themes/neighborhoodist/vendor/illuminate/view/Engines/PhpEngine.php:43
[23-Jan-2022 07:26:29 UTC] PHP  15. Illuminate\View\View->render() /Users/etbassler/Local Sites/neighborhoodist/app/public/wp-content/uploads/cache/9f19b40cd705bfb2ff027c9aa4c46ec3abf72ba5.php:3
[23-Jan-2022 07:26:29 UTC] PHP  16. Illuminate\View\View->renderContents() /Users/etbassler/Local Sites/neighborhoodist/app/public/wp-content/themes/neighborhoodist/vendor/illuminate/view/View.php:90
[23-Jan-2022 07:26:29 UTC] PHP  17. Illuminate\View\View->getContents() /Users/etbassler/Local Sites/neighborhoodist/app/public/wp-content/themes/neighborhoodist/vendor/illuminate/view/View.php:125
[23-Jan-2022 07:26:29 UTC] PHP  18. Illuminate\View\Engines\CompilerEngine->get() /Users/etbassler/Local Sites/neighborhoodist/app/public/wp-content/themes/neighborhoodist/vendor/illuminate/view/View.php:142
[23-Jan-2022 07:26:29 UTC] PHP  19. Illuminate\View\Engines\CompilerEngine->evaluatePath() /Users/etbassler/Local Sites/neighborhoodist/app/public/wp-content/themes/neighborhoodist/vendor/illuminate/view/Engines/CompilerEngine.php:59
[23-Jan-2022 07:26:29 UTC] PHP  20. include() /Users/etbassler/Local Sites/neighborhoodist/app/public/wp-content/themes/neighborhoodist/vendor/illuminate/view/Engines/PhpEngine.php:43
[23-Jan-2022 07:26:29 UTC] PHP  21. e() /Users/etbassler/Local Sites/neighborhoodist/app/public/wp-content/uploads/cache/72136e85d835f4fe5e242fd30226502406fdda49.php:12
[23-Jan-2022 07:26:29 UTC] PHP  22. htmlspecialchars() /Users/etbassler/Local Sites/neighborhoodist/app/public/wp-content/themes/neighborhoodist/vendor/illuminate/support/helpers.php:578
[23-Jan-2022 07:27:43 UTC] PHP Warning:  htmlspecialchars() expects parameter 1 to be string, array given in /Users/etbassler/Local Sites/neighborhoodist/app/public/wp-content/themes/neighborhoodist/vendor/illuminate/support/helpers.php on line 578
[23-Jan-2022 07:27:43 UTC] PHP Stack trace:
[23-Jan-2022 07:27:43 UTC] PHP   1. {main}() /Users/etbassler/Local Sites/neighborhoodist/app/public/index.php:0
[23-Jan-2022 07:27:43 UTC] PHP   2. require() /Users/etbassler/Local Sites/neighborhoodist/app/public/index.php:17
[23-Jan-2022 07:27:43 UTC] PHP   3. require_once() /Users/etbassler/Local Sites/neighborhoodist/app/public/wp-blog-header.php:19
[23-Jan-2022 07:27:43 UTC] PHP   4. apply_filters() /Users/etbassler/Local Sites/neighborhoodist/app/public/wp-includes/template-loader.php:104
[23-Jan-2022 07:27:43 UTC] PHP   5. WP_Hook->apply_filters() /Users/etbassler/Local Sites/neighborhoodist/app/public/wp-includes/plugin.php:189
[23-Jan-2022 07:27:43 UTC] PHP   6. App\{closure:/Users/etbassler/Local Sites/neighborhoodist/app/public/wp-content/themes/neighborhoodist/app/filters.php:49-67}() /Users/etbassler/Local Sites/neighborhoodist/app/public/wp-includes/class-wp-hook.php:303
[23-Jan-2022 07:27:43 UTC] PHP   7. App\template() /Users/etbassler/Local Sites/neighborhoodist/app/public/wp-content/themes/neighborhoodist/app/filters.php:63
[23-Jan-2022 07:27:43 UTC] PHP   8. Roots\Sage\Template\Blade->render() /Users/etbassler/Local Sites/neighborhoodist/app/public/wp-content/themes/neighborhoodist/app/helpers.php:55
[23-Jan-2022 07:27:43 UTC] PHP   9. Illuminate\View\View->render() /Users/etbassler/Local Sites/neighborhoodist/app/public/wp-content/themes/neighborhoodist/vendor/roots/sage-lib/Template/Blade.php:58
[23-Jan-2022 07:27:43 UTC] PHP  10. Illuminate\View\View->renderContents() /Users/etbassler/Local Sites/neighborhoodist/app/public/wp-content/themes/neighborhoodist/vendor/illuminate/view/View.php:90
[23-Jan-2022 07:27:43 UTC] PHP  11. Illuminate\View\View->getContents() /Users/etbassler/Local Sites/neighborhoodist/app/public/wp-content/themes/neighborhoodist/vendor/illuminate/view/View.php:125
[23-Jan-2022 07:27:43 UTC] PHP  12. Illuminate\View\Engines\CompilerEngine->get() /Users/etbassler/Local Sites/neighborhoodist/app/public/wp-content/themes/neighborhoodist/vendor/illuminate/view/View.php:142
[23-Jan-2022 07:27:43 UTC] PHP  13. Illuminate\View\Engines\CompilerEngine->evaluatePath() /Users/etbassler/Local Sites/neighborhoodist/app/public/wp-content/themes/neighborhoodist/vendor/illuminate/view/Engines/CompilerEngine.php:59
[23-Jan-2022 07:27:43 UTC] PHP  14. include() /Users/etbassler/Local Sites/neighborhoodist/app/public/wp-content/themes/neighborhoodist/vendor/illuminate/view/Engines/PhpEngine.php:43
[23-Jan-2022 07:27:43 UTC] PHP  15. Illuminate\View\View->render() /Users/etbassler/Local Sites/neighborhoodist/app/public/wp-content/uploads/cache/9f19b40cd705bfb2ff027c9aa4c46ec3abf72ba5.php:3
[23-Jan-2022 07:27:43 UTC] PHP  16. Illuminate\View\View->renderContents() /Users/etbassler/Local Sites/neighborhoodist/app/public/wp-content/themes/neighborhoodist/vendor/illuminate/view/View.php:90
[23-Jan-2022 07:27:43 UTC] PHP  17. Illuminate\View\View->getContents() /Users/etbassler/Local Sites/neighborhoodist/app/public/wp-content/themes/neighborhoodist/vendor/illuminate/view/View.php:125
[23-Jan-2022 07:27:43 UTC] PHP  18. Illuminate\View\Engines\CompilerEngine->get() /Users/etbassler/Local Sites/neighborhoodist/app/public/wp-content/themes/neighborhoodist/vendor/illuminate/view/View.php:142
[23-Jan-2022 07:27:43 UTC] PHP  19. Illuminate\View\Engines\CompilerEngine->evaluatePath() /Users/etbassler/Local Sites/neighborhoodist/app/public/wp-content/themes/neighborhoodist/vendor/illuminate/view/Engines/CompilerEngine.php:59
[23-Jan-2022 07:27:43 UTC] PHP  20. include() /Users/etbassler/Local Sites/neighborhoodist/app/public/wp-content/themes/neighborhoodist/vendor/illuminate/view/Engines/PhpEngine.php:43
[23-Jan-2022 07:27:43 UTC] PHP  21. e() /Users/etbassler/Local Sites/neighborhoodist/app/public/wp-content/uploads/cache/72136e85d835f4fe5e242fd30226502406fdda49.php:12
[23-Jan-2022 07:27:43 UTC] PHP  22. htmlspecialchars() /Users/etbassler/Local Sites/neighborhoodist/app/public/wp-content/themes/neighborhoodist/vendor/illuminate/support/helpers.php:578
[23-Jan-2022 07:28:52 UTC] PHP Fatal error:  Uncaught Symfony\Component\Debug\Exception\FatalThrowableError: Cannot use object of type stdClass as array in /Users/etbassler/Local Sites/neighborhoodist/app/public/wp-content/uploads/cache/72136e85d835f4fe5e242fd30226502406fdda49.php:12
Stack trace:
#0 /Users/etbassler/Local Sites/neighborhoodist/app/public/wp-content/themes/neighborhoodist/vendor/illuminate/view/Engines/PhpEngine.php(43): include()
#1 /Users/etbassler/Local Sites/neighborhoodist/app/public/wp-content/themes/neighborhoodist/vendor/illuminate/view/Engines/CompilerEngine.php(59): Illuminate\View\Engines\PhpEngine->evaluatePath('/Users/etbassle...', Array)
#2 /Users/etbassler/Local Sites/neighborhoodist/app/public/wp-content/themes/neighborhoodist/vendor/illuminate/view/View.php(142): Illuminate\View\Engines\CompilerEngine->get('/Users/etbassle...', Array)
#3 /Users/etbassler/Local Sites/neighborhoodist/app/public/wp-content/themes/neighborhoodist/vendor/illuminate/view/View.php(125): Illuminate\View\View->getContents()
#4 /Users/etbassler/Lo in /Users/etbassler/Local Sites/neighborhoodist/app/public/wp-content/uploads/cache/72136e85d835f4fe5e242fd30226502406fdda49.php on line 12
[23-Jan-2022 07:30:18 UTC] PHP Fatal error:  Uncaught Symfony\Component\Debug\Exception\FatalThrowableError: Cannot use object of type stdClass as array in /Users/etbassler/Local Sites/neighborhoodist/app/public/wp-content/uploads/cache/72136e85d835f4fe5e242fd30226502406fdda49.php:12
Stack trace:
#0 /Users/etbassler/Local Sites/neighborhoodist/app/public/wp-content/themes/neighborhoodist/vendor/illuminate/view/Engines/PhpEngine.php(43): include()
#1 /Users/etbassler/Local Sites/neighborhoodist/app/public/wp-content/themes/neighborhoodist/vendor/illuminate/view/Engines/CompilerEngine.php(59): Illuminate\View\Engines\PhpEngine->evaluatePath('/Users/etbassle...', Array)
#2 /Users/etbassler/Local Sites/neighborhoodist/app/public/wp-content/themes/neighborhoodist/vendor/illuminate/view/View.php(142): Illuminate\View\Engines\CompilerEngine->get('/Users/etbassle...', Array)
#3 /Users/etbassler/Local Sites/neighborhoodist/app/public/wp-content/themes/neighborhoodist/vendor/illuminate/view/View.php(125): Illuminate\View\View->getContents()
#4 /Users/etbassler/Lo in /Users/etbassler/Local Sites/neighborhoodist/app/public/wp-content/uploads/cache/72136e85d835f4fe5e242fd30226502406fdda49.php on line 12
[23-Jan-2022 07:30:21 UTC] PHP Fatal error:  Uncaught Symfony\Component\Debug\Exception\FatalThrowableError: Cannot use object of type stdClass as array in /Users/etbassler/Local Sites/neighborhoodist/app/public/wp-content/uploads/cache/72136e85d835f4fe5e242fd30226502406fdda49.php:12
Stack trace:
#0 /Users/etbassler/Local Sites/neighborhoodist/app/public/wp-content/themes/neighborhoodist/vendor/illuminate/view/Engines/PhpEngine.php(43): include()
#1 /Users/etbassler/Local Sites/neighborhoodist/app/public/wp-content/themes/neighborhoodist/vendor/illuminate/view/Engines/CompilerEngine.php(59): Illuminate\View\Engines\PhpEngine->evaluatePath('/Users/etbassle...', Array)
#2 /Users/etbassler/Local Sites/neighborhoodist/app/public/wp-content/themes/neighborhoodist/vendor/illuminate/view/View.php(142): Illuminate\View\Engines\CompilerEngine->get('/Users/etbassle...', Array)
#3 /Users/etbassler/Local Sites/neighborhoodist/app/public/wp-content/themes/neighborhoodist/vendor/illuminate/view/View.php(125): Illuminate\View\View->getContents()
#4 /Users/etbassler/Lo in /Users/etbassler/Local Sites/neighborhoodist/app/public/wp-content/uploads/cache/72136e85d835f4fe5e242fd30226502406fdda49.php on line 12
[23-Jan-2022 07:30:33 UTC] PHP Fatal error:  Uncaught Symfony\Component\Debug\Exception\FatalThrowableError: Cannot use object of type stdClass as array in /Users/etbassler/Local Sites/neighborhoodist/app/public/wp-content/uploads/cache/72136e85d835f4fe5e242fd30226502406fdda49.php:12
Stack trace:
#0 /Users/etbassler/Local Sites/neighborhoodist/app/public/wp-content/themes/neighborhoodist/vendor/illuminate/view/Engines/PhpEngine.php(43): include()
#1 /Users/etbassler/Local Sites/neighborhoodist/app/public/wp-content/themes/neighborhoodist/vendor/illuminate/view/Engines/CompilerEngine.php(59): Illuminate\View\Engines\PhpEngine->evaluatePath('/Users/etbassle...', Array)
#2 /Users/etbassler/Local Sites/neighborhoodist/app/public/wp-content/themes/neighborhoodist/vendor/illuminate/view/View.php(142): Illuminate\View\Engines\CompilerEngine->get('/Users/etbassle...', Array)
#3 /Users/etbassler/Local Sites/neighborhoodist/app/public/wp-content/themes/neighborhoodist/vendor/illuminate/view/View.php(125): Illuminate\View\View->getContents()
#4 /Users/etbassler/Lo in /Users/etbassler/Local Sites/neighborhoodist/app/public/wp-content/uploads/cache/72136e85d835f4fe5e242fd30226502406fdda49.php on line 12
[23-Jan-2022 07:30:35 UTC] PHP Fatal error:  Uncaught Symfony\Component\Debug\Exception\FatalThrowableError: Cannot use object of type stdClass as array in /Users/etbassler/Local Sites/neighborhoodist/app/public/wp-content/uploads/cache/72136e85d835f4fe5e242fd30226502406fdda49.php:12
Stack trace:
#0 /Users/etbassler/Local Sites/neighborhoodist/app/public/wp-content/themes/neighborhoodist/vendor/illuminate/view/Engines/PhpEngine.php(43): include()
#1 /Users/etbassler/Local Sites/neighborhoodist/app/public/wp-content/themes/neighborhoodist/vendor/illuminate/view/Engines/CompilerEngine.php(59): Illuminate\View\Engines\PhpEngine->evaluatePath('/Users/etbassle...', Array)
#2 /Users/etbassler/Local Sites/neighborhoodist/app/public/wp-content/themes/neighborhoodist/vendor/illuminate/view/View.php(142): Illuminate\View\Engines\CompilerEngine->get('/Users/etbassle...', Array)
#3 /Users/etbassler/Local Sites/neighborhoodist/app/public/wp-content/themes/neighborhoodist/vendor/illuminate/view/View.php(125): Illuminate\View\View->getContents()
#4 /Users/etbassler/Lo in /Users/etbassler/Local Sites/neighborhoodist/app/public/wp-content/uploads/cache/72136e85d835f4fe5e242fd30226502406fdda49.php on line 12
[28-Jan-2022 03:12:02 UTC] PHP Warning:  htmlspecialchars() expects parameter 1 to be string, array given in /Users/etbassler/Local Sites/neighborhoodist/app/public/wp-content/themes/neighborhoodist/vendor/illuminate/support/helpers.php on line 578
[28-Jan-2022 03:12:02 UTC] PHP Stack trace:
[28-Jan-2022 03:12:02 UTC] PHP   1. {main}() /Users/etbassler/Local Sites/neighborhoodist/app/public/index.php:0
[28-Jan-2022 03:12:02 UTC] PHP   2. require() /Users/etbassler/Local Sites/neighborhoodist/app/public/index.php:17
[28-Jan-2022 03:12:02 UTC] PHP   3. require_once() /Users/etbassler/Local Sites/neighborhoodist/app/public/wp-blog-header.php:19
[28-Jan-2022 03:12:02 UTC] PHP   4. apply_filters() /Users/etbassler/Local Sites/neighborhoodist/app/public/wp-includes/template-loader.php:104
[28-Jan-2022 03:12:02 UTC] PHP   5. WP_Hook->apply_filters() /Users/etbassler/Local Sites/neighborhoodist/app/public/wp-includes/plugin.php:189
[28-Jan-2022 03:12:02 UTC] PHP   6. App\{closure:/Users/etbassler/Local Sites/neighborhoodist/app/public/wp-content/themes/neighborhoodist/app/filters.php:49-67}() /Users/etbassler/Local Sites/neighborhoodist/app/public/wp-includes/class-wp-hook.php:307
[28-Jan-2022 03:12:02 UTC] PHP   7. App\template() /Users/etbassler/Local Sites/neighborhoodist/app/public/wp-content/themes/neighborhoodist/app/filters.php:63
[28-Jan-2022 03:12:02 UTC] PHP   8. Roots\Sage\Template\Blade->render() /Users/etbassler/Local Sites/neighborhoodist/app/public/wp-content/themes/neighborhoodist/app/helpers.php:55
[28-Jan-2022 03:12:02 UTC] PHP   9. Illuminate\View\View->render() /Users/etbassler/Local Sites/neighborhoodist/app/public/wp-content/themes/neighborhoodist/vendor/roots/sage-lib/Template/Blade.php:58
[28-Jan-2022 03:12:02 UTC] PHP  10. Illuminate\View\View->renderContents() /Users/etbassler/Local Sites/neighborhoodist/app/public/wp-content/themes/neighborhoodist/vendor/illuminate/view/View.php:90
[28-Jan-2022 03:12:02 UTC] PHP  11. Illuminate\View\View->getContents() /Users/etbassler/Local Sites/neighborhoodist/app/public/wp-content/themes/neighborhoodist/vendor/illuminate/view/View.php:125
[28-Jan-2022 03:12:02 UTC] PHP  12. Illuminate\View\Engines\CompilerEngine->get() /Users/etbassler/Local Sites/neighborhoodist/app/public/wp-content/themes/neighborhoodist/vendor/illuminate/view/View.php:142
[28-Jan-2022 03:12:02 UTC] PHP  13. Illuminate\View\Engines\CompilerEngine->evaluatePath() /Users/etbassler/Local Sites/neighborhoodist/app/public/wp-content/themes/neighborhoodist/vendor/illuminate/view/Engines/CompilerEngine.php:59
[28-Jan-2022 03:12:02 UTC] PHP  14. include() /Users/etbassler/Local Sites/neighborhoodist/app/public/wp-content/themes/neighborhoodist/vendor/illuminate/view/Engines/PhpEngine.php:43
[28-Jan-2022 03:12:02 UTC] PHP  15. Illuminate\View\View->render() /Users/etbassler/Local Sites/neighborhoodist/app/public/wp-content/uploads/cache/395ef7f93d4f2f30c6a034567719302d08e0bbf0.php:3
[28-Jan-2022 03:12:02 UTC] PHP  16. Illuminate\View\View->renderContents() /Users/etbassler/Local Sites/neighborhoodist/app/public/wp-content/themes/neighborhoodist/vendor/illuminate/view/View.php:90
[28-Jan-2022 03:12:02 UTC] PHP  17. Illuminate\View\View->getContents() /Users/etbassler/Local Sites/neighborhoodist/app/public/wp-content/themes/neighborhoodist/vendor/illuminate/view/View.php:125
[28-Jan-2022 03:12:02 UTC] PHP  18. Illuminate\View\Engines\CompilerEngine->get() /Users/etbassler/Local Sites/neighborhoodist/app/public/wp-content/themes/neighborhoodist/vendor/illuminate/view/View.php:142
[28-Jan-2022 03:12:02 UTC] PHP  19. Illuminate\View\Engines\CompilerEngine->evaluatePath() /Users/etbassler/Local Sites/neighborhoodist/app/public/wp-content/themes/neighborhoodist/vendor/illuminate/view/Engines/CompilerEngine.php:59
[28-Jan-2022 03:12:02 UTC] PHP  20. include() /Users/etbassler/Local Sites/neighborhoodist/app/public/wp-content/themes/neighborhoodist/vendor/illuminate/view/Engines/PhpEngine.php:43
[28-Jan-2022 03:12:02 UTC] PHP  21. e() /Users/etbassler/Local Sites/neighborhoodist/app/public/wp-content/uploads/cache/bd4cccc425fa2a73b5874161f0dc283846bf539c.php:6
[28-Jan-2022 03:12:02 UTC] PHP  22. htmlspecialchars() /Users/etbassler/Local Sites/neighborhoodist/app/public/wp-content/themes/neighborhoodist/vendor/illuminate/support/helpers.php:578
[28-Jan-2022 04:42:29 UTC] PHP Fatal error:  Uncaught Symfony\Component\Debug\Exception\FatalThrowableError: syntax error, unexpected ':', expecting '(' in /Users/etbassler/Local Sites/neighborhoodist/app/public/wp-content/uploads/cache/395ef7f93d4f2f30c6a034567719302d08e0bbf0.php:3
Stack trace:
#0 /Users/etbassler/Local Sites/neighborhoodist/app/public/wp-content/themes/neighborhoodist/vendor/illuminate/view/Engines/CompilerEngine.php(59): Illuminate\View\Engines\PhpEngine->evaluatePath('/Users/etbassle...', Array)
#1 /Users/etbassler/Local Sites/neighborhoodist/app/public/wp-content/themes/neighborhoodist/vendor/illuminate/view/View.php(142): Illuminate\View\Engines\CompilerEngine->get('/Users/etbassle...', Array)
#2 /Users/etbassler/Local Sites/neighborhoodist/app/public/wp-content/themes/neighborhoodist/vendor/illuminate/view/View.php(125): Illuminate\View\View->getContents()
#3 /Users/etbassler/Local Sites/neighborhoodist/app/public/wp-content/themes/neighborhoodist/vendor/illuminate/view/View.php(90): Illuminate\View\View->renderContents()
#4 /Use in /Users/etbassler/Local Sites/neighborhoodist/app/public/wp-content/uploads/cache/395ef7f93d4f2f30c6a034567719302d08e0bbf0.php on line 3
[28-Jan-2022 04:43:02 UTC] PHP Fatal error:  Uncaught Symfony\Component\Debug\Exception\FatalThrowableError: syntax error, unexpected ':', expecting '(' in /Users/etbassler/Local Sites/neighborhoodist/app/public/wp-content/uploads/cache/395ef7f93d4f2f30c6a034567719302d08e0bbf0.php:3
Stack trace:
#0 /Users/etbassler/Local Sites/neighborhoodist/app/public/wp-content/themes/neighborhoodist/vendor/illuminate/view/Engines/CompilerEngine.php(59): Illuminate\View\Engines\PhpEngine->evaluatePath('/Users/etbassle...', Array)
#1 /Users/etbassler/Local Sites/neighborhoodist/app/public/wp-content/themes/neighborhoodist/vendor/illuminate/view/View.php(142): Illuminate\View\Engines\CompilerEngine->get('/Users/etbassle...', Array)
#2 /Users/etbassler/Local Sites/neighborhoodist/app/public/wp-content/themes/neighborhoodist/vendor/illuminate/view/View.php(125): Illuminate\View\View->getContents()
#3 /Users/etbassler/Local Sites/neighborhoodist/app/public/wp-content/themes/neighborhoodist/vendor/illuminate/view/View.php(90): Illuminate\View\View->renderContents()
#4 /Use in /Users/etbassler/Local Sites/neighborhoodist/app/public/wp-content/uploads/cache/395ef7f93d4f2f30c6a034567719302d08e0bbf0.php on line 3
[28-Jan-2022 04:48:09 UTC] PHP Fatal error:  Uncaught Symfony\Component\Debug\Exception\FatalThrowableError: syntax error, unexpected ':', expecting '(' in /Users/etbassler/Local Sites/neighborhoodist/app/public/wp-content/uploads/cache/395ef7f93d4f2f30c6a034567719302d08e0bbf0.php:3
Stack trace:
#0 /Users/etbassler/Local Sites/neighborhoodist/app/public/wp-content/themes/neighborhoodist/vendor/illuminate/view/Engines/CompilerEngine.php(59): Illuminate\View\Engines\PhpEngine->evaluatePath('/Users/etbassle...', Array)
#1 /Users/etbassler/Local Sites/neighborhoodist/app/public/wp-content/themes/neighborhoodist/vendor/illuminate/view/View.php(142): Illuminate\View\Engines\CompilerEngine->get('/Users/etbassle...', Array)
#2 /Users/etbassler/Local Sites/neighborhoodist/app/public/wp-content/themes/neighborhoodist/vendor/illuminate/view/View.php(125): Illuminate\View\View->getContents()
#3 /Users/etbassler/Local Sites/neighborhoodist/app/public/wp-content/themes/neighborhoodist/vendor/illuminate/view/View.php(90): Illuminate\View\View->renderContents()
#4 /Use in /Users/etbassler/Local Sites/neighborhoodist/app/public/wp-content/uploads/cache/395ef7f93d4f2f30c6a034567719302d08e0bbf0.php on line 3
[28-Jan-2022 04:48:31 UTC] PHP Fatal error:  Uncaught Symfony\Component\Debug\Exception\FatalThrowableError: syntax error, unexpected ':', expecting '(' in /Users/etbassler/Local Sites/neighborhoodist/app/public/wp-content/uploads/cache/395ef7f93d4f2f30c6a034567719302d08e0bbf0.php:3
Stack trace:
#0 /Users/etbassler/Local Sites/neighborhoodist/app/public/wp-content/themes/neighborhoodist/vendor/illuminate/view/Engines/CompilerEngine.php(59): Illuminate\View\Engines\PhpEngine->evaluatePath('/Users/etbassle...', Array)
#1 /Users/etbassler/Local Sites/neighborhoodist/app/public/wp-content/themes/neighborhoodist/vendor/illuminate/view/View.php(142): Illuminate\View\Engines\CompilerEngine->get('/Users/etbassle...', Array)
#2 /Users/etbassler/Local Sites/neighborhoodist/app/public/wp-content/themes/neighborhoodist/vendor/illuminate/view/View.php(125): Illuminate\View\View->getContents()
#3 /Users/etbassler/Local Sites/neighborhoodist/app/public/wp-content/themes/neighborhoodist/vendor/illuminate/view/View.php(90): Illuminate\View\View->renderContents()
#4 /Use in /Users/etbassler/Local Sites/neighborhoodist/app/public/wp-content/uploads/cache/395ef7f93d4f2f30c6a034567719302d08e0bbf0.php on line 3
[28-Jan-2022 04:48:42 UTC] PHP Fatal error:  Uncaught Symfony\Component\Debug\Exception\FatalThrowableError: syntax error, unexpected ':', expecting '(' in /Users/etbassler/Local Sites/neighborhoodist/app/public/wp-content/uploads/cache/395ef7f93d4f2f30c6a034567719302d08e0bbf0.php:3
Stack trace:
#0 /Users/etbassler/Local Sites/neighborhoodist/app/public/wp-content/themes/neighborhoodist/vendor/illuminate/view/Engines/CompilerEngine.php(59): Illuminate\View\Engines\PhpEngine->evaluatePath('/Users/etbassle...', Array)
#1 /Users/etbassler/Local Sites/neighborhoodist/app/public/wp-content/themes/neighborhoodist/vendor/illuminate/view/View.php(142): Illuminate\View\Engines\CompilerEngine->get('/Users/etbassle...', Array)
#2 /Users/etbassler/Local Sites/neighborhoodist/app/public/wp-content/themes/neighborhoodist/vendor/illuminate/view/View.php(125): Illuminate\View\View->getContents()
#3 /Users/etbassler/Local Sites/neighborhoodist/app/public/wp-content/themes/neighborhoodist/vendor/illuminate/view/View.php(90): Illuminate\View\View->renderContents()
#4 /Use in /Users/etbassler/Local Sites/neighborhoodist/app/public/wp-content/uploads/cache/395ef7f93d4f2f30c6a034567719302d08e0bbf0.php on line 3
[28-Jan-2022 04:55:46 UTC] PHP Fatal error:  Uncaught Symfony\Component\Debug\Exception\FatalThrowableError: syntax error, unexpected ':', expecting '(' in /Users/etbassler/Local Sites/neighborhoodist/app/public/wp-content/uploads/cache/395ef7f93d4f2f30c6a034567719302d08e0bbf0.php:3
Stack trace:
#0 /Users/etbassler/Local Sites/neighborhoodist/app/public/wp-content/themes/neighborhoodist/vendor/illuminate/view/Engines/CompilerEngine.php(59): Illuminate\View\Engines\PhpEngine->evaluatePath('/Users/etbassle...', Array)
#1 /Users/etbassler/Local Sites/neighborhoodist/app/public/wp-content/themes/neighborhoodist/vendor/illuminate/view/View.php(142): Illuminate\View\Engines\CompilerEngine->get('/Users/etbassle...', Array)
#2 /Users/etbassler/Local Sites/neighborhoodist/app/public/wp-content/themes/neighborhoodist/vendor/illuminate/view/View.php(125): Illuminate\View\View->getContents()
#3 /Users/etbassler/Local Sites/neighborhoodist/app/public/wp-content/themes/neighborhoodist/vendor/illuminate/view/View.php(90): Illuminate\View\View->renderContents()
#4 /Use in /Users/etbassler/Local Sites/neighborhoodist/app/public/wp-content/uploads/cache/395ef7f93d4f2f30c6a034567719302d08e0bbf0.php on line 3
[28-Jan-2022 04:56:04 UTC] PHP Fatal error:  Uncaught Symfony\Component\Debug\Exception\FatalThrowableError: syntax error, unexpected '', array_except(get_defined_va' (T_CONSTANT_ENCAPSED_STRING), expecting ')' in /Users/etbassler/Local Sites/neighborhoodist/app/public/wp-content/uploads/cache/395ef7f93d4f2f30c6a034567719302d08e0bbf0.php:3
Stack trace:
#0 /Users/etbassler/Local Sites/neighborhoodist/app/public/wp-content/themes/neighborhoodist/vendor/illuminate/view/Engines/CompilerEngine.php(59): Illuminate\View\Engines\PhpEngine->evaluatePath('/Users/etbassle...', Array)
#1 /Users/etbassler/Local Sites/neighborhoodist/app/public/wp-content/themes/neighborhoodist/vendor/illuminate/view/View.php(142): Illuminate\View\Engines\CompilerEngine->get('/Users/etbassle...', Array)
#2 /Users/etbassler/Local Sites/neighborhoodist/app/public/wp-content/themes/neighborhoodist/vendor/illuminate/view/View.php(125): Illuminate\View\View->getContents()
#3 /Users/etbassler/Local Sites/neighborhoodist/app/public/wp-content/themes/neighborhoodist/vendor/illuminate/view/Vi in /Users/etbassler/Local Sites/neighborhoodist/app/public/wp-content/uploads/cache/395ef7f93d4f2f30c6a034567719302d08e0bbf0.php on line 3
[28-Jan-2022 04:56:40 UTC] PHP Fatal error:  Uncaught Symfony\Component\Debug\Exception\FatalThrowableError: syntax error, unexpected ':', expecting '(' in /Users/etbassler/Local Sites/neighborhoodist/app/public/wp-content/uploads/cache/395ef7f93d4f2f30c6a034567719302d08e0bbf0.php:3
Stack trace:
#0 /Users/etbassler/Local Sites/neighborhoodist/app/public/wp-content/themes/neighborhoodist/vendor/illuminate/view/Engines/CompilerEngine.php(59): Illuminate\View\Engines\PhpEngine->evaluatePath('/Users/etbassle...', Array)
#1 /Users/etbassler/Local Sites/neighborhoodist/app/public/wp-content/themes/neighborhoodist/vendor/illuminate/view/View.php(142): Illuminate\View\Engines\CompilerEngine->get('/Users/etbassle...', Array)
#2 /Users/etbassler/Local Sites/neighborhoodist/app/public/wp-content/themes/neighborhoodist/vendor/illuminate/view/View.php(125): Illuminate\View\View->getContents()
#3 /Users/etbassler/Local Sites/neighborhoodist/app/public/wp-content/themes/neighborhoodist/vendor/illuminate/view/View.php(90): Illuminate\View\View->renderContents()
#4 /Use in /Users/etbassler/Local Sites/neighborhoodist/app/public/wp-content/uploads/cache/395ef7f93d4f2f30c6a034567719302d08e0bbf0.php on line 3
[28-Jan-2022 04:57:23 UTC] PHP Fatal error:  Uncaught Symfony\Component\Debug\Exception\FatalThrowableError: syntax error, unexpected ':', expecting '(' in /Users/etbassler/Local Sites/neighborhoodist/app/public/wp-content/uploads/cache/395ef7f93d4f2f30c6a034567719302d08e0bbf0.php:3
Stack trace:
#0 /Users/etbassler/Local Sites/neighborhoodist/app/public/wp-content/themes/neighborhoodist/vendor/illuminate/view/Engines/CompilerEngine.php(59): Illuminate\View\Engines\PhpEngine->evaluatePath('/Users/etbassle...', Array)
#1 /Users/etbassler/Local Sites/neighborhoodist/app/public/wp-content/themes/neighborhoodist/vendor/illuminate/view/View.php(142): Illuminate\View\Engines\CompilerEngine->get('/Users/etbassle...', Array)
#2 /Users/etbassler/Local Sites/neighborhoodist/app/public/wp-content/themes/neighborhoodist/vendor/illuminate/view/View.php(125): Illuminate\View\View->getContents()
#3 /Users/etbassler/Local Sites/neighborhoodist/app/public/wp-content/themes/neighborhoodist/vendor/illuminate/view/View.php(90): Illuminate\View\View->renderContents()
#4 /Use in /Users/etbassler/Local Sites/neighborhoodist/app/public/wp-content/uploads/cache/395ef7f93d4f2f30c6a034567719302d08e0bbf0.php on line 3
[28-Jan-2022 04:59:21 UTC] PHP Fatal error:  Uncaught Symfony\Component\Debug\Exception\FatalThrowableError: syntax error, unexpected ':', expecting '(' in /Users/etbassler/Local Sites/neighborhoodist/app/public/wp-content/uploads/cache/395ef7f93d4f2f30c6a034567719302d08e0bbf0.php:3
Stack trace:
#0 /Users/etbassler/Local Sites/neighborhoodist/app/public/wp-content/themes/neighborhoodist/vendor/illuminate/view/Engines/CompilerEngine.php(59): Illuminate\View\Engines\PhpEngine->evaluatePath('/Users/etbassle...', Array)
#1 /Users/etbassler/Local Sites/neighborhoodist/app/public/wp-content/themes/neighborhoodist/vendor/illuminate/view/View.php(142): Illuminate\View\Engines\CompilerEngine->get('/Users/etbassle...', Array)
#2 /Users/etbassler/Local Sites/neighborhoodist/app/public/wp-content/themes/neighborhoodist/vendor/illuminate/view/View.php(125): Illuminate\View\View->getContents()
#3 /Users/etbassler/Local Sites/neighborhoodist/app/public/wp-content/themes/neighborhoodist/vendor/illuminate/view/View.php(90): Illuminate\View\View->renderContents()
#4 /Use in /Users/etbassler/Local Sites/neighborhoodist/app/public/wp-content/uploads/cache/395ef7f93d4f2f30c6a034567719302d08e0bbf0.php on line 3
[28-Jan-2022 04:59:23 UTC] PHP Fatal error:  Uncaught Symfony\Component\Debug\Exception\FatalThrowableError: syntax error, unexpected ':', expecting '(' in /Users/etbassler/Local Sites/neighborhoodist/app/public/wp-content/uploads/cache/395ef7f93d4f2f30c6a034567719302d08e0bbf0.php:3
Stack trace:
#0 /Users/etbassler/Local Sites/neighborhoodist/app/public/wp-content/themes/neighborhoodist/vendor/illuminate/view/Engines/CompilerEngine.php(59): Illuminate\View\Engines\PhpEngine->evaluatePath('/Users/etbassle...', Array)
#1 /Users/etbassler/Local Sites/neighborhoodist/app/public/wp-content/themes/neighborhoodist/vendor/illuminate/view/View.php(142): Illuminate\View\Engines\CompilerEngine->get('/Users/etbassle...', Array)
#2 /Users/etbassler/Local Sites/neighborhoodist/app/public/wp-content/themes/neighborhoodist/vendor/illuminate/view/View.php(125): Illuminate\View\View->getContents()
#3 /Users/etbassler/Local Sites/neighborhoodist/app/public/wp-content/themes/neighborhoodist/vendor/illuminate/view/View.php(90): Illuminate\View\View->renderContents()
#4 /Use in /Users/etbassler/Local Sites/neighborhoodist/app/public/wp-content/uploads/cache/395ef7f93d4f2f30c6a034567719302d08e0bbf0.php on line 3
[28-Jan-2022 05:04:16 UTC] PHP Fatal error:  Uncaught Symfony\Component\Debug\Exception\FatalThrowableError: syntax error, unexpected ':', expecting '(' in /Users/etbassler/Local Sites/neighborhoodist/app/public/wp-content/uploads/cache/395ef7f93d4f2f30c6a034567719302d08e0bbf0.php:3
Stack trace:
#0 /Users/etbassler/Local Sites/neighborhoodist/app/public/wp-content/themes/neighborhoodist/vendor/illuminate/view/Engines/CompilerEngine.php(59): Illuminate\View\Engines\PhpEngine->evaluatePath('/Users/etbassle...', Array)
#1 /Users/etbassler/Local Sites/neighborhoodist/app/public/wp-content/themes/neighborhoodist/vendor/illuminate/view/View.php(142): Illuminate\View\Engines\CompilerEngine->get('/Users/etbassle...', Array)
#2 /Users/etbassler/Local Sites/neighborhoodist/app/public/wp-content/themes/neighborhoodist/vendor/illuminate/view/View.php(125): Illuminate\View\View->getContents()
#3 /Users/etbassler/Local Sites/neighborhoodist/app/public/wp-content/themes/neighborhoodist/vendor/illuminate/view/View.php(90): Illuminate\View\View->renderContents()
#4 /Use in /Users/etbassler/Local Sites/neighborhoodist/app/public/wp-content/uploads/cache/395ef7f93d4f2f30c6a034567719302d08e0bbf0.php on line 3
[28-Jan-2022 05:06:16 UTC] PHP Warning:  htmlspecialchars() expects parameter 1 to be string, object given in /Users/etbassler/Local Sites/neighborhoodist/app/public/wp-content/themes/neighborhoodist/vendor/illuminate/support/helpers.php on line 578
[28-Jan-2022 05:06:16 UTC] PHP Stack trace:
[28-Jan-2022 05:06:16 UTC] PHP   1. {main}() /Users/etbassler/Local Sites/neighborhoodist/app/public/index.php:0
[28-Jan-2022 05:06:16 UTC] PHP   2. require() /Users/etbassler/Local Sites/neighborhoodist/app/public/index.php:17
[28-Jan-2022 05:06:16 UTC] PHP   3. require_once() /Users/etbassler/Local Sites/neighborhoodist/app/public/wp-blog-header.php:19
[28-Jan-2022 05:06:16 UTC] PHP   4. apply_filters() /Users/etbassler/Local Sites/neighborhoodist/app/public/wp-includes/template-loader.php:104
[28-Jan-2022 05:06:16 UTC] PHP   5. WP_Hook->apply_filters() /Users/etbassler/Local Sites/neighborhoodist/app/public/wp-includes/plugin.php:189
[28-Jan-2022 05:06:16 UTC] PHP   6. App\{closure:/Users/etbassler/Local Sites/neighborhoodist/app/public/wp-content/themes/neighborhoodist/app/filters.php:49-67}() /Users/etbassler/Local Sites/neighborhoodist/app/public/wp-includes/class-wp-hook.php:307
[28-Jan-2022 05:06:16 UTC] PHP   7. App\template() /Users/etbassler/Local Sites/neighborhoodist/app/public/wp-content/themes/neighborhoodist/app/filters.php:63
[28-Jan-2022 05:06:16 UTC] PHP   8. Roots\Sage\Template\Blade->render() /Users/etbassler/Local Sites/neighborhoodist/app/public/wp-content/themes/neighborhoodist/app/helpers.php:55
[28-Jan-2022 05:06:16 UTC] PHP   9. Illuminate\View\View->render() /Users/etbassler/Local Sites/neighborhoodist/app/public/wp-content/themes/neighborhoodist/vendor/roots/sage-lib/Template/Blade.php:58
[28-Jan-2022 05:06:16 UTC] PHP  10. Illuminate\View\View->renderContents() /Users/etbassler/Local Sites/neighborhoodist/app/public/wp-content/themes/neighborhoodist/vendor/illuminate/view/View.php:90
[28-Jan-2022 05:06:16 UTC] PHP  11. Illuminate\View\View->getContents() /Users/etbassler/Local Sites/neighborhoodist/app/public/wp-content/themes/neighborhoodist/vendor/illuminate/view/View.php:125
[28-Jan-2022 05:06:16 UTC] PHP  12. Illuminate\View\Engines\CompilerEngine->get() /Users/etbassler/Local Sites/neighborhoodist/app/public/wp-content/themes/neighborhoodist/vendor/illuminate/view/View.php:142
[28-Jan-2022 05:06:16 UTC] PHP  13. Illuminate\View\Engines\CompilerEngine->evaluatePath() /Users/etbassler/Local Sites/neighborhoodist/app/public/wp-content/themes/neighborhoodist/vendor/illuminate/view/Engines/CompilerEngine.php:59
[28-Jan-2022 05:06:16 UTC] PHP  14. include() /Users/etbassler/Local Sites/neighborhoodist/app/public/wp-content/themes/neighborhoodist/vendor/illuminate/view/Engines/PhpEngine.php:43
[28-Jan-2022 05:06:16 UTC] PHP  15. Illuminate\View\View->render() /Users/etbassler/Local Sites/neighborhoodist/app/public/wp-content/uploads/cache/395ef7f93d4f2f30c6a034567719302d08e0bbf0.php:3
[28-Jan-2022 05:06:16 UTC] PHP  16. Illuminate\View\View->renderContents() /Users/etbassler/Local Sites/neighborhoodist/app/public/wp-content/themes/neighborhoodist/vendor/illuminate/view/View.php:90
[28-Jan-2022 05:06:16 UTC] PHP  17. Illuminate\View\View->getContents() /Users/etbassler/Local Sites/neighborhoodist/app/public/wp-content/themes/neighborhoodist/vendor/illuminate/view/View.php:125
[28-Jan-2022 05:06:16 UTC] PHP  18. Illuminate\View\Engines\CompilerEngine->get() /Users/etbassler/Local Sites/neighborhoodist/app/public/wp-content/themes/neighborhoodist/vendor/illuminate/view/View.php:142
[28-Jan-2022 05:06:16 UTC] PHP  19. Illuminate\View\Engines\CompilerEngine->evaluatePath() /Users/etbassler/Local Sites/neighborhoodist/app/public/wp-content/themes/neighborhoodist/vendor/illuminate/view/Engines/CompilerEngine.php:59
[28-Jan-2022 05:06:16 UTC] PHP  20. include() /Users/etbassler/Local Sites/neighborhoodist/app/public/wp-content/themes/neighborhoodist/vendor/illuminate/view/Engines/PhpEngine.php:43
[28-Jan-2022 05:06:16 UTC] PHP  21. e() /Users/etbassler/Local Sites/neighborhoodist/app/public/wp-content/uploads/cache/d821537be8583be32a0549abbce9e4c00afc10de.php:9
[28-Jan-2022 05:06:16 UTC] PHP  22. htmlspecialchars() /Users/etbassler/Local Sites/neighborhoodist/app/public/wp-content/themes/neighborhoodist/vendor/illuminate/support/helpers.php:578
[28-Jan-2022 05:24:10 UTC] PHP Warning:  Use of undefined constant neighborhood_menu_icon - assumed 'neighborhood_menu_icon' (this will throw an Error in a future version of PHP) in /Users/etbassler/Local Sites/neighborhoodist/app/public/wp-content/uploads/cache/d821537be8583be32a0549abbce9e4c00afc10de.php on line 5
[28-Jan-2022 05:24:10 UTC] PHP Stack trace:
[28-Jan-2022 05:24:10 UTC] PHP   1. {main}() /Users/etbassler/Local Sites/neighborhoodist/app/public/index.php:0
[28-Jan-2022 05:24:10 UTC] PHP   2. require() /Users/etbassler/Local Sites/neighborhoodist/app/public/index.php:17
[28-Jan-2022 05:24:10 UTC] PHP   3. require_once() /Users/etbassler/Local Sites/neighborhoodist/app/public/wp-blog-header.php:19
[28-Jan-2022 05:24:10 UTC] PHP   4. apply_filters() /Users/etbassler/Local Sites/neighborhoodist/app/public/wp-includes/template-loader.php:104
[28-Jan-2022 05:24:10 UTC] PHP   5. WP_Hook->apply_filters() /Users/etbassler/Local Sites/neighborhoodist/app/public/wp-includes/plugin.php:189
[28-Jan-2022 05:24:10 UTC] PHP   6. App\{closure:/Users/etbassler/Local Sites/neighborhoodist/app/public/wp-content/themes/neighborhoodist/app/filters.php:49-67}() /Users/etbassler/Local Sites/neighborhoodist/app/public/wp-includes/class-wp-hook.php:307
[28-Jan-2022 05:24:10 UTC] PHP   7. App\template() /Users/etbassler/Local Sites/neighborhoodist/app/public/wp-content/themes/neighborhoodist/app/filters.php:63
[28-Jan-2022 05:24:10 UTC] PHP   8. Roots\Sage\Template\Blade->render() /Users/etbassler/Local Sites/neighborhoodist/app/public/wp-content/themes/neighborhoodist/app/helpers.php:55
[28-Jan-2022 05:24:10 UTC] PHP   9. Illuminate\View\View->render() /Users/etbassler/Local Sites/neighborhoodist/app/public/wp-content/themes/neighborhoodist/vendor/roots/sage-lib/Template/Blade.php:58
[28-Jan-2022 05:24:10 UTC] PHP  10. Illuminate\View\View->renderContents() /Users/etbassler/Local Sites/neighborhoodist/app/public/wp-content/themes/neighborhoodist/vendor/illuminate/view/View.php:90
[28-Jan-2022 05:24:10 UTC] PHP  11. Illuminate\View\View->getContents() /Users/etbassler/Local Sites/neighborhoodist/app/public/wp-content/themes/neighborhoodist/vendor/illuminate/view/View.php:125
[28-Jan-2022 05:24:10 UTC] PHP  12. Illuminate\View\Engines\CompilerEngine->get() /Users/etbassler/Local Sites/neighborhoodist/app/public/wp-content/themes/neighborhoodist/vendor/illuminate/view/View.php:142
[28-Jan-2022 05:24:10 UTC] PHP  13. Illuminate\View\Engines\CompilerEngine->evaluatePath() /Users/etbassler/Local Sites/neighborhoodist/app/public/wp-content/themes/neighborhoodist/vendor/illuminate/view/Engines/CompilerEngine.php:59
[28-Jan-2022 05:24:10 UTC] PHP  14. include() /Users/etbassler/Local Sites/neighborhoodist/app/public/wp-content/themes/neighborhoodist/vendor/illuminate/view/Engines/PhpEngine.php:43
[28-Jan-2022 05:24:10 UTC] PHP  15. Illuminate\View\View->render() /Users/etbassler/Local Sites/neighborhoodist/app/public/wp-content/uploads/cache/395ef7f93d4f2f30c6a034567719302d08e0bbf0.php:3
[28-Jan-2022 05:24:10 UTC] PHP  16. Illuminate\View\View->renderContents() /Users/etbassler/Local Sites/neighborhoodist/app/public/wp-content/themes/neighborhoodist/vendor/illuminate/view/View.php:90
[28-Jan-2022 05:24:10 UTC] PHP  17. Illuminate\View\View->getContents() /Users/etbassler/Local Sites/neighborhoodist/app/public/wp-content/themes/neighborhoodist/vendor/illuminate/view/View.php:125
[28-Jan-2022 05:24:10 UTC] PHP  18. Illuminate\View\Engines\CompilerEngine->get() /Users/etbassler/Local Sites/neighborhoodist/app/public/wp-content/themes/neighborhoodist/vendor/illuminate/view/View.php:142
[28-Jan-2022 05:24:10 UTC] PHP  19. Illuminate\View\Engines\CompilerEngine->evaluatePath() /Users/etbassler/Local Sites/neighborhoodist/app/public/wp-content/themes/neighborhoodist/vendor/illuminate/view/Engines/CompilerEngine.php:59
[28-Jan-2022 05:24:10 UTC] PHP  20. include() /Users/etbassler/Local Sites/neighborhoodist/app/public/wp-content/themes/neighborhoodist/vendor/illuminate/view/Engines/PhpEngine.php:43
[28-Jan-2022 15:29:56 UTC] PHP Warning:  An unexpected error occurred. Something may be wrong with WordPress.org or this server&#8217;s configuration. If you continue to have problems, please try the <a href="https://wordpress.org/support/forums/">support forums</a>. (WordPress could not establish a secure connection to WordPress.org. Please contact your server administrator.) in /Users/etbassler/Local Sites/neighborhoodist/app/public/wp-includes/update.php on line 693
[28-Jan-2022 15:29:56 UTC] PHP Stack trace:
[28-Jan-2022 15:29:56 UTC] PHP   1. {main}() /Users/etbassler/Local Sites/neighborhoodist/app/public/wp-cron.php:0
[28-Jan-2022 15:29:56 UTC] PHP   2. do_action_ref_array() /Users/etbassler/Local Sites/neighborhoodist/app/public/wp-cron.php:138
[28-Jan-2022 15:29:56 UTC] PHP   3. WP_Hook->do_action() /Users/etbassler/Local Sites/neighborhoodist/app/public/wp-includes/plugin.php:522
[28-Jan-2022 15:29:56 UTC] PHP   4. WP_Hook->apply_filters() /Users/etbassler/Local Sites/neighborhoodist/app/public/wp-includes/class-wp-hook.php:331
[28-Jan-2022 15:29:56 UTC] PHP   5. wp_version_check() /Users/etbassler/Local Sites/neighborhoodist/app/public/wp-includes/class-wp-hook.php:307
[28-Jan-2022 15:29:56 UTC] PHP   6. do_action() /Users/etbassler/Local Sites/neighborhoodist/app/public/wp-includes/update.php:256
[28-Jan-2022 15:29:56 UTC] PHP   7. WP_Hook->do_action() /Users/etbassler/Local Sites/neighborhoodist/app/public/wp-includes/plugin.php:474
[28-Jan-2022 15:29:56 UTC] PHP   8. WP_Hook->apply_filters() /Users/etbassler/Local Sites/neighborhoodist/app/public/wp-includes/class-wp-hook.php:331
[28-Jan-2022 15:29:56 UTC] PHP   9. wp_maybe_auto_update() /Users/etbassler/Local Sites/neighborhoodist/app/public/wp-includes/class-wp-hook.php:307
[28-Jan-2022 15:29:56 UTC] PHP  10. WP_Automatic_Updater->run() /Users/etbassler/Local Sites/neighborhoodist/app/public/wp-includes/update.php:729
[28-Jan-2022 15:29:56 UTC] PHP  11. wp_update_themes() /Users/etbassler/Local Sites/neighborhoodist/app/public/wp-admin/includes/class-wp-automatic-updater.php:476
[28-Jan-2022 15:29:56 UTC] PHP  12. trigger_error() /Users/etbassler/Local Sites/neighborhoodist/app/public/wp-includes/update.php:693
[30-Jan-2022 03:19:22 UTC] PHP Fatal error:  Uncaught Symfony\Component\Debug\Exception\FatalThrowableError: syntax error, unexpected ':', expecting '(' in /Users/etbassler/Local Sites/neighborhoodist/app/public/wp-content/uploads/cache/395ef7f93d4f2f30c6a034567719302d08e0bbf0.php:4
Stack trace:
#0 /Users/etbassler/Local Sites/neighborhoodist/app/public/wp-content/themes/neighborhoodist/vendor/illuminate/view/Engines/CompilerEngine.php(59): Illuminate\View\Engines\PhpEngine->evaluatePath('/Users/etbassle...', Array)
#1 /Users/etbassler/Local Sites/neighborhoodist/app/public/wp-content/themes/neighborhoodist/vendor/illuminate/view/View.php(142): Illuminate\View\Engines\CompilerEngine->get('/Users/etbassle...', Array)
#2 /Users/etbassler/Local Sites/neighborhoodist/app/public/wp-content/themes/neighborhoodist/vendor/illuminate/view/View.php(125): Illuminate\View\View->getContents()
#3 /Users/etbassler/Local Sites/neighborhoodist/app/public/wp-content/themes/neighborhoodist/vendor/illuminate/view/View.php(90): Illuminate\View\View->renderContents()
#4 /Use in /Users/etbassler/Local Sites/neighborhoodist/app/public/wp-content/uploads/cache/395ef7f93d4f2f30c6a034567719302d08e0bbf0.php on line 4
[30-Jan-2022 03:19:53 UTC] PHP Fatal error:  Uncaught Symfony\Component\Debug\Exception\FatalThrowableError: syntax error, unexpected '__data' (T_STRING), expecting ')' in /Users/etbassler/Local Sites/neighborhoodist/app/public/wp-content/uploads/cache/395ef7f93d4f2f30c6a034567719302d08e0bbf0.php:5
Stack trace:
#0 /Users/etbassler/Local Sites/neighborhoodist/app/public/wp-content/themes/neighborhoodist/vendor/illuminate/view/Engines/CompilerEngine.php(59): Illuminate\View\Engines\PhpEngine->evaluatePath('/Users/etbassle...', Array)
#1 /Users/etbassler/Local Sites/neighborhoodist/app/public/wp-content/themes/neighborhoodist/vendor/illuminate/view/View.php(142): Illuminate\View\Engines\CompilerEngine->get('/Users/etbassle...', Array)
#2 /Users/etbassler/Local Sites/neighborhoodist/app/public/wp-content/themes/neighborhoodist/vendor/illuminate/view/View.php(125): Illuminate\View\View->getContents()
#3 /Users/etbassler/Local Sites/neighborhoodist/app/public/wp-content/themes/neighborhoodist/vendor/illuminate/view/View.php(90): Illuminate\View\View->renderCo in /Users/etbassler/Local Sites/neighborhoodist/app/public/wp-content/uploads/cache/395ef7f93d4f2f30c6a034567719302d08e0bbf0.php on line 5
[30-Jan-2022 03:20:11 UTC] PHP Fatal error:  Uncaught Symfony\Component\Debug\Exception\FatalThrowableError: syntax error, unexpected '__data' (T_STRING), expecting ')' in /Users/etbassler/Local Sites/neighborhoodist/app/public/wp-content/uploads/cache/395ef7f93d4f2f30c6a034567719302d08e0bbf0.php:5
Stack trace:
#0 /Users/etbassler/Local Sites/neighborhoodist/app/public/wp-content/themes/neighborhoodist/vendor/illuminate/view/Engines/CompilerEngine.php(59): Illuminate\View\Engines\PhpEngine->evaluatePath('/Users/etbassle...', Array)
#1 /Users/etbassler/Local Sites/neighborhoodist/app/public/wp-content/themes/neighborhoodist/vendor/illuminate/view/View.php(142): Illuminate\View\Engines\CompilerEngine->get('/Users/etbassle...', Array)
#2 /Users/etbassler/Local Sites/neighborhoodist/app/public/wp-content/themes/neighborhoodist/vendor/illuminate/view/View.php(125): Illuminate\View\View->getContents()
#3 /Users/etbassler/Local Sites/neighborhoodist/app/public/wp-content/themes/neighborhoodist/vendor/illuminate/view/View.php(90): Illuminate\View\View->renderCo in /Users/etbassler/Local Sites/neighborhoodist/app/public/wp-content/uploads/cache/395ef7f93d4f2f30c6a034567719302d08e0bbf0.php on line 5
[30-Jan-2022 03:20:48 UTC] PHP Fatal error:  Uncaught Symfony\Component\Debug\Exception\FatalThrowableError: syntax error, unexpected '__data' (T_STRING), expecting ')' in /Users/etbassler/Local Sites/neighborhoodist/app/public/wp-content/uploads/cache/395ef7f93d4f2f30c6a034567719302d08e0bbf0.php:5
Stack trace:
#0 /Users/etbassler/Local Sites/neighborhoodist/app/public/wp-content/themes/neighborhoodist/vendor/illuminate/view/Engines/CompilerEngine.php(59): Illuminate\View\Engines\PhpEngine->evaluatePath('/Users/etbassle...', Array)
#1 /Users/etbassler/Local Sites/neighborhoodist/app/public/wp-content/themes/neighborhoodist/vendor/illuminate/view/View.php(142): Illuminate\View\Engines\CompilerEngine->get('/Users/etbassle...', Array)
#2 /Users/etbassler/Local Sites/neighborhoodist/app/public/wp-content/themes/neighborhoodist/vendor/illuminate/view/View.php(125): Illuminate\View\View->getContents()
#3 /Users/etbassler/Local Sites/neighborhoodist/app/public/wp-content/themes/neighborhoodist/vendor/illuminate/view/View.php(90): Illuminate\View\View->renderCo in /Users/etbassler/Local Sites/neighborhoodist/app/public/wp-content/uploads/cache/395ef7f93d4f2f30c6a034567719302d08e0bbf0.php on line 5
[30-Jan-2022 03:20:55 UTC] PHP Fatal error:  Uncaught Symfony\Component\Debug\Exception\FatalThrowableError: syntax error, unexpected '__data' (T_STRING), expecting ')' in /Users/etbassler/Local Sites/neighborhoodist/app/public/wp-content/uploads/cache/395ef7f93d4f2f30c6a034567719302d08e0bbf0.php:5
Stack trace:
#0 /Users/etbassler/Local Sites/neighborhoodist/app/public/wp-content/themes/neighborhoodist/vendor/illuminate/view/Engines/CompilerEngine.php(59): Illuminate\View\Engines\PhpEngine->evaluatePath('/Users/etbassle...', Array)
#1 /Users/etbassler/Local Sites/neighborhoodist/app/public/wp-content/themes/neighborhoodist/vendor/illuminate/view/View.php(142): Illuminate\View\Engines\CompilerEngine->get('/Users/etbassle...', Array)
#2 /Users/etbassler/Local Sites/neighborhoodist/app/public/wp-content/themes/neighborhoodist/vendor/illuminate/view/View.php(125): Illuminate\View\View->getContents()
#3 /Users/etbassler/Local Sites/neighborhoodist/app/public/wp-content/themes/neighborhoodist/vendor/illuminate/view/View.php(90): Illuminate\View\View->renderCo in /Users/etbassler/Local Sites/neighborhoodist/app/public/wp-content/uploads/cache/395ef7f93d4f2f30c6a034567719302d08e0bbf0.php on line 5
[30-Jan-2022 03:20:59 UTC] PHP Fatal error:  Uncaught Symfony\Component\Debug\Exception\FatalThrowableError: syntax error, unexpected '__data' (T_STRING), expecting ')' in /Users/etbassler/Local Sites/neighborhoodist/app/public/wp-content/uploads/cache/395ef7f93d4f2f30c6a034567719302d08e0bbf0.php:5
Stack trace:
#0 /Users/etbassler/Local Sites/neighborhoodist/app/public/wp-content/themes/neighborhoodist/vendor/illuminate/view/Engines/CompilerEngine.php(59): Illuminate\View\Engines\PhpEngine->evaluatePath('/Users/etbassle...', Array)
#1 /Users/etbassler/Local Sites/neighborhoodist/app/public/wp-content/themes/neighborhoodist/vendor/illuminate/view/View.php(142): Illuminate\View\Engines\CompilerEngine->get('/Users/etbassle...', Array)
#2 /Users/etbassler/Local Sites/neighborhoodist/app/public/wp-content/themes/neighborhoodist/vendor/illuminate/view/View.php(125): Illuminate\View\View->getContents()
#3 /Users/etbassler/Local Sites/neighborhoodist/app/public/wp-content/themes/neighborhoodist/vendor/illuminate/view/View.php(90): Illuminate\View\View->renderCo in /Users/etbassler/Local Sites/neighborhoodist/app/public/wp-content/uploads/cache/395ef7f93d4f2f30c6a034567719302d08e0bbf0.php on line 5
[30-Jan-2022 03:21:01 UTC] PHP Fatal error:  Uncaught Symfony\Component\Debug\Exception\FatalThrowableError: syntax error, unexpected '__data' (T_STRING), expecting ')' in /Users/etbassler/Local Sites/neighborhoodist/app/public/wp-content/uploads/cache/395ef7f93d4f2f30c6a034567719302d08e0bbf0.php:5
Stack trace:
#0 /Users/etbassler/Local Sites/neighborhoodist/app/public/wp-content/themes/neighborhoodist/vendor/illuminate/view/Engines/CompilerEngine.php(59): Illuminate\View\Engines\PhpEngine->evaluatePath('/Users/etbassle...', Array)
#1 /Users/etbassler/Local Sites/neighborhoodist/app/public/wp-content/themes/neighborhoodist/vendor/illuminate/view/View.php(142): Illuminate\View\Engines\CompilerEngine->get('/Users/etbassle...', Array)
#2 /Users/etbassler/Local Sites/neighborhoodist/app/public/wp-content/themes/neighborhoodist/vendor/illuminate/view/View.php(125): Illuminate\View\View->getContents()
#3 /Users/etbassler/Local Sites/neighborhoodist/app/public/wp-content/themes/neighborhoodist/vendor/illuminate/view/View.php(90): Illuminate\View\View->renderCo in /Users/etbassler/Local Sites/neighborhoodist/app/public/wp-content/uploads/cache/395ef7f93d4f2f30c6a034567719302d08e0bbf0.php on line 5
[30-Jan-2022 03:21:12 UTC] PHP Fatal error:  Uncaught Symfony\Component\Debug\Exception\FatalThrowableError: syntax error, unexpected '__data' (T_STRING), expecting ')' in /Users/etbassler/Local Sites/neighborhoodist/app/public/wp-content/uploads/cache/395ef7f93d4f2f30c6a034567719302d08e0bbf0.php:5
Stack trace:
#0 /Users/etbassler/Local Sites/neighborhoodist/app/public/wp-content/themes/neighborhoodist/vendor/illuminate/view/Engines/CompilerEngine.php(59): Illuminate\View\Engines\PhpEngine->evaluatePath('/Users/etbassle...', Array)
#1 /Users/etbassler/Local Sites/neighborhoodist/app/public/wp-content/themes/neighborhoodist/vendor/illuminate/view/View.php(142): Illuminate\View\Engines\CompilerEngine->get('/Users/etbassle...', Array)
#2 /Users/etbassler/Local Sites/neighborhoodist/app/public/wp-content/themes/neighborhoodist/vendor/illuminate/view/View.php(125): Illuminate\View\View->getContents()
#3 /Users/etbassler/Local Sites/neighborhoodist/app/public/wp-content/themes/neighborhoodist/vendor/illuminate/view/View.php(90): Illuminate\View\View->renderCo in /Users/etbassler/Local Sites/neighborhoodist/app/public/wp-content/uploads/cache/395ef7f93d4f2f30c6a034567719302d08e0bbf0.php on line 5
[31-Jan-2022 05:47:48 UTC] PHP Fatal error:  Uncaught InvalidArgumentException: Cannot end a section without first starting one. in /Users/etbassler/Local Sites/neighborhoodist/app/public/wp-content/themes/neighborhoodist/vendor/illuminate/view/Concerns/ManagesLayouts.php:85
Stack trace:
#0 /Users/etbassler/Local Sites/neighborhoodist/app/public/wp-content/uploads/cache/395ef7f93d4f2f30c6a034567719302d08e0bbf0.php(11): Illuminate\View\Factory->stopSection()
#1 /Users/etbassler/Local Sites/neighborhoodist/app/public/wp-content/themes/neighborhoodist/vendor/illuminate/view/Engines/PhpEngine.php(43): include('/Users/etbassle...')
#2 /Users/etbassler/Local Sites/neighborhoodist/app/public/wp-content/themes/neighborhoodist/vendor/illuminate/view/Engines/CompilerEngine.php(59): Illuminate\View\Engines\PhpEngine->evaluatePath('/Users/etbassle...', Array)
#3 /Users/etbassler/Local Sites/neighborhoodist/app/public/wp-content/themes/neighborhoodist/vendor/illuminate/view/View.php(142): Illuminate\View\Engines\CompilerEngine->get('/Users/etbassle...', Array)
#4 /U in /Users/etbassler/Local Sites/neighborhoodist/app/public/wp-content/themes/neighborhoodist/vendor/illuminate/view/Concerns/ManagesLayouts.php on line 85
[31-Jan-2022 05:47:50 UTC] PHP Fatal error:  Uncaught InvalidArgumentException: Cannot end a section without first starting one. in /Users/etbassler/Local Sites/neighborhoodist/app/public/wp-content/themes/neighborhoodist/vendor/illuminate/view/Concerns/ManagesLayouts.php:85
Stack trace:
#0 /Users/etbassler/Local Sites/neighborhoodist/app/public/wp-content/uploads/cache/395ef7f93d4f2f30c6a034567719302d08e0bbf0.php(11): Illuminate\View\Factory->stopSection()
#1 /Users/etbassler/Local Sites/neighborhoodist/app/public/wp-content/themes/neighborhoodist/vendor/illuminate/view/Engines/PhpEngine.php(43): include('/Users/etbassle...')
#2 /Users/etbassler/Local Sites/neighborhoodist/app/public/wp-content/themes/neighborhoodist/vendor/illuminate/view/Engines/CompilerEngine.php(59): Illuminate\View\Engines\PhpEngine->evaluatePath('/Users/etbassle...', Array)
#3 /Users/etbassler/Local Sites/neighborhoodist/app/public/wp-content/themes/neighborhoodist/vendor/illuminate/view/View.php(142): Illuminate\View\Engines\CompilerEngine->get('/Users/etbassle...', Array)
#4 /U in /Users/etbassler/Local Sites/neighborhoodist/app/public/wp-content/themes/neighborhoodist/vendor/illuminate/view/Concerns/ManagesLayouts.php on line 85
[31-Jan-2022 05:58:58 UTC] PHP Fatal error:  Uncaught InvalidArgumentException: Cannot end a section without first starting one. in /Users/etbassler/Local Sites/neighborhoodist/app/public/wp-content/themes/neighborhoodist/vendor/illuminate/view/Concerns/ManagesLayouts.php:85
Stack trace:
#0 /Users/etbassler/Local Sites/neighborhoodist/app/public/wp-content/uploads/cache/395ef7f93d4f2f30c6a034567719302d08e0bbf0.php(11): Illuminate\View\Factory->stopSection()
#1 /Users/etbassler/Local Sites/neighborhoodist/app/public/wp-content/themes/neighborhoodist/vendor/illuminate/view/Engines/PhpEngine.php(43): include('/Users/etbassle...')
#2 /Users/etbassler/Local Sites/neighborhoodist/app/public/wp-content/themes/neighborhoodist/vendor/illuminate/view/Engines/CompilerEngine.php(59): Illuminate\View\Engines\PhpEngine->evaluatePath('/Users/etbassle...', Array)
#3 /Users/etbassler/Local Sites/neighborhoodist/app/public/wp-content/themes/neighborhoodist/vendor/illuminate/view/View.php(142): Illuminate\View\Engines\CompilerEngine->get('/Users/etbassle...', Array)
#4 /U in /Users/etbassler/Local Sites/neighborhoodist/app/public/wp-content/themes/neighborhoodist/vendor/illuminate/view/Concerns/ManagesLayouts.php on line 85
[31-Jan-2022 05:59:10 UTC] PHP Fatal error:  Uncaught InvalidArgumentException: Cannot end a section without first starting one. in /Users/etbassler/Local Sites/neighborhoodist/app/public/wp-content/themes/neighborhoodist/vendor/illuminate/view/Concerns/ManagesLayouts.php:85
Stack trace:
#0 /Users/etbassler/Local Sites/neighborhoodist/app/public/wp-content/uploads/cache/395ef7f93d4f2f30c6a034567719302d08e0bbf0.php(11): Illuminate\View\Factory->stopSection()
#1 /Users/etbassler/Local Sites/neighborhoodist/app/public/wp-content/themes/neighborhoodist/vendor/illuminate/view/Engines/PhpEngine.php(43): include('/Users/etbassle...')
#2 /Users/etbassler/Local Sites/neighborhoodist/app/public/wp-content/themes/neighborhoodist/vendor/illuminate/view/Engines/CompilerEngine.php(59): Illuminate\View\Engines\PhpEngine->evaluatePath('/Users/etbassle...', Array)
#3 /Users/etbassler/Local Sites/neighborhoodist/app/public/wp-content/themes/neighborhoodist/vendor/illuminate/view/View.php(142): Illuminate\View\Engines\CompilerEngine->get('/Users/etbassle...', Array)
#4 /U in /Users/etbassler/Local Sites/neighborhoodist/app/public/wp-content/themes/neighborhoodist/vendor/illuminate/view/Concerns/ManagesLayouts.php on line 85
[31-Jan-2022 05:59:17 UTC] PHP Fatal error:  Uncaught InvalidArgumentException: Cannot end a section without first starting one. in /Users/etbassler/Local Sites/neighborhoodist/app/public/wp-content/themes/neighborhoodist/vendor/illuminate/view/Concerns/ManagesLayouts.php:85
Stack trace:
#0 /Users/etbassler/Local Sites/neighborhoodist/app/public/wp-content/uploads/cache/395ef7f93d4f2f30c6a034567719302d08e0bbf0.php(11): Illuminate\View\Factory->stopSection()
#1 /Users/etbassler/Local Sites/neighborhoodist/app/public/wp-content/themes/neighborhoodist/vendor/illuminate/view/Engines/PhpEngine.php(43): include('/Users/etbassle...')
#2 /Users/etbassler/Local Sites/neighborhoodist/app/public/wp-content/themes/neighborhoodist/vendor/illuminate/view/Engines/CompilerEngine.php(59): Illuminate\View\Engines\PhpEngine->evaluatePath('/Users/etbassle...', Array)
#3 /Users/etbassler/Local Sites/neighborhoodist/app/public/wp-content/themes/neighborhoodist/vendor/illuminate/view/View.php(142): Illuminate\View\Engines\CompilerEngine->get('/Users/etbassle...', Array)
#4 /U in /Users/etbassler/Local Sites/neighborhoodist/app/public/wp-content/themes/neighborhoodist/vendor/illuminate/view/Concerns/ManagesLayouts.php on line 85
[31-Jan-2022 05:59:20 UTC] PHP Fatal error:  Uncaught InvalidArgumentException: Cannot end a section without first starting one. in /Users/etbassler/Local Sites/neighborhoodist/app/public/wp-content/themes/neighborhoodist/vendor/illuminate/view/Concerns/ManagesLayouts.php:85
Stack trace:
#0 /Users/etbassler/Local Sites/neighborhoodist/app/public/wp-content/uploads/cache/395ef7f93d4f2f30c6a034567719302d08e0bbf0.php(11): Illuminate\View\Factory->stopSection()
#1 /Users/etbassler/Local Sites/neighborhoodist/app/public/wp-content/themes/neighborhoodist/vendor/illuminate/view/Engines/PhpEngine.php(43): include('/Users/etbassle...')
#2 /Users/etbassler/Local Sites/neighborhoodist/app/public/wp-content/themes/neighborhoodist/vendor/illuminate/view/Engines/CompilerEngine.php(59): Illuminate\View\Engines\PhpEngine->evaluatePath('/Users/etbassle...', Array)
#3 /Users/etbassler/Local Sites/neighborhoodist/app/public/wp-content/themes/neighborhoodist/vendor/illuminate/view/View.php(142): Illuminate\View\Engines\CompilerEngine->get('/Users/etbassle...', Array)
#4 /U in /Users/etbassler/Local Sites/neighborhoodist/app/public/wp-content/themes/neighborhoodist/vendor/illuminate/view/Concerns/ManagesLayouts.php on line 85
[31-Jan-2022 05:59:55 UTC] PHP Fatal error:  Uncaught InvalidArgumentException: Cannot end a section without first starting one. in /Users/etbassler/Local Sites/neighborhoodist/app/public/wp-content/themes/neighborhoodist/vendor/illuminate/view/Concerns/ManagesLayouts.php:85
Stack trace:
#0 /Users/etbassler/Local Sites/neighborhoodist/app/public/wp-content/uploads/cache/395ef7f93d4f2f30c6a034567719302d08e0bbf0.php(11): Illuminate\View\Factory->stopSection()
#1 /Users/etbassler/Local Sites/neighborhoodist/app/public/wp-content/themes/neighborhoodist/vendor/illuminate/view/Engines/PhpEngine.php(43): include('/Users/etbassle...')
#2 /Users/etbassler/Local Sites/neighborhoodist/app/public/wp-content/themes/neighborhoodist/vendor/illuminate/view/Engines/CompilerEngine.php(59): Illuminate\View\Engines\PhpEngine->evaluatePath('/Users/etbassle...', Array)
#3 /Users/etbassler/Local Sites/neighborhoodist/app/public/wp-content/themes/neighborhoodist/vendor/illuminate/view/View.php(142): Illuminate\View\Engines\CompilerEngine->get('/Users/etbassle...', Array)
#4 /U in /Users/etbassler/Local Sites/neighborhoodist/app/public/wp-content/themes/neighborhoodist/vendor/illuminate/view/Concerns/ManagesLayouts.php on line 85
[31-Jan-2022 06:02:09 UTC] PHP Fatal error:  Uncaught InvalidArgumentException: Cannot end a section without first starting one. in /Users/etbassler/Local Sites/neighborhoodist/app/public/wp-content/themes/neighborhoodist/vendor/illuminate/view/Concerns/ManagesLayouts.php:85
Stack trace:
#0 /Users/etbassler/Local Sites/neighborhoodist/app/public/wp-content/uploads/cache/395ef7f93d4f2f30c6a034567719302d08e0bbf0.php(11): Illuminate\View\Factory->stopSection()
#1 /Users/etbassler/Local Sites/neighborhoodist/app/public/wp-content/themes/neighborhoodist/vendor/illuminate/view/Engines/PhpEngine.php(43): include('/Users/etbassle...')
#2 /Users/etbassler/Local Sites/neighborhoodist/app/public/wp-content/themes/neighborhoodist/vendor/illuminate/view/Engines/CompilerEngine.php(59): Illuminate\View\Engines\PhpEngine->evaluatePath('/Users/etbassle...', Array)
#3 /Users/etbassler/Local Sites/neighborhoodist/app/public/wp-content/themes/neighborhoodist/vendor/illuminate/view/View.php(142): Illuminate\View\Engines\CompilerEngine->get('/Users/etbassle...', Array)
#4 /U in /Users/etbassler/Local Sites/neighborhoodist/app/public/wp-content/themes/neighborhoodist/vendor/illuminate/view/Concerns/ManagesLayouts.php on line 85
[31-Jan-2022 17:20:13 UTC] PHP Fatal error:  Uncaught Symfony\Component\Debug\Exception\FatalThrowableError: syntax error, unexpected end of file, expecting elseif (T_ELSEIF) or else (T_ELSE) or endif (T_ENDIF) in /Users/etbassler/Local Sites/neighborhoodist/app/public/wp-content/uploads/cache/62d0802868a2b7fa1116b8c1f464053541f82f06.php:46
Stack trace:
#0 /Users/etbassler/Local Sites/neighborhoodist/app/public/wp-content/themes/neighborhoodist/vendor/illuminate/view/Engines/CompilerEngine.php(59): Illuminate\View\Engines\PhpEngine->evaluatePath('/Users/etbassle...', Array)
#1 /Users/etbassler/Local Sites/neighborhoodist/app/public/wp-content/themes/neighborhoodist/vendor/illuminate/view/View.php(142): Illuminate\View\Engines\CompilerEngine->get('/Users/etbassle...', Array)
#2 /Users/etbassler/Local Sites/neighborhoodist/app/public/wp-content/themes/neighborhoodist/vendor/illuminate/view/View.php(125): Illuminate\View\View->getContents()
#3 /Users/etbassler/Local Sites/neighborhoodist/app/public/wp-content/themes/neighborhoodist/vendor/illuminate/view/V in /Users/etbassler/Local Sites/neighborhoodist/app/public/wp-content/uploads/cache/62d0802868a2b7fa1116b8c1f464053541f82f06.php on line 46
[31-Jan-2022 17:44:47 UTC] PHP Fatal error:  Uncaught Symfony\Component\Debug\Exception\FatalThrowableError: syntax error, unexpected end of file, expecting elseif (T_ELSEIF) or else (T_ELSE) or endif (T_ENDIF) in /Users/etbassler/Local Sites/neighborhoodist/app/public/wp-content/uploads/cache/62d0802868a2b7fa1116b8c1f464053541f82f06.php:46
Stack trace:
#0 /Users/etbassler/Local Sites/neighborhoodist/app/public/wp-content/themes/neighborhoodist/vendor/illuminate/view/Engines/CompilerEngine.php(59): Illuminate\View\Engines\PhpEngine->evaluatePath('/Users/etbassle...', Array)
#1 /Users/etbassler/Local Sites/neighborhoodist/app/public/wp-content/themes/neighborhoodist/vendor/illuminate/view/View.php(142): Illuminate\View\Engines\CompilerEngine->get('/Users/etbassle...', Array)
#2 /Users/etbassler/Local Sites/neighborhoodist/app/public/wp-content/themes/neighborhoodist/vendor/illuminate/view/View.php(125): Illuminate\View\View->getContents()
#3 /Users/etbassler/Local Sites/neighborhoodist/app/public/wp-content/themes/neighborhoodist/vendor/illuminate/view/V in /Users/etbassler/Local Sites/neighborhoodist/app/public/wp-content/uploads/cache/62d0802868a2b7fa1116b8c1f464053541f82f06.php on line 46
[31-Jan-2022 18:03:42 UTC] PHP Fatal error:  Uncaught Symfony\Component\Debug\Exception\FatalThrowableError: syntax error, unexpected end of file, expecting elseif (T_ELSEIF) or else (T_ELSE) or endif (T_ENDIF) in /Users/etbassler/Local Sites/neighborhoodist/app/public/wp-content/uploads/cache/62d0802868a2b7fa1116b8c1f464053541f82f06.php:46
Stack trace:
#0 /Users/etbassler/Local Sites/neighborhoodist/app/public/wp-content/themes/neighborhoodist/vendor/illuminate/view/Engines/CompilerEngine.php(59): Illuminate\View\Engines\PhpEngine->evaluatePath('/Users/etbassle...', Array)
#1 /Users/etbassler/Local Sites/neighborhoodist/app/public/wp-content/themes/neighborhoodist/vendor/illuminate/view/View.php(142): Illuminate\View\Engines\CompilerEngine->get('/Users/etbassle...', Array)
#2 /Users/etbassler/Local Sites/neighborhoodist/app/public/wp-content/themes/neighborhoodist/vendor/illuminate/view/View.php(125): Illuminate\View\View->getContents()
#3 /Users/etbassler/Local Sites/neighborhoodist/app/public/wp-content/themes/neighborhoodist/vendor/illuminate/view/V in /Users/etbassler/Local Sites/neighborhoodist/app/public/wp-content/uploads/cache/62d0802868a2b7fa1116b8c1f464053541f82f06.php on line 46
